#
# A fatal error has been detected by the Java Runtime Environment:
#
#  Internal Error (jvmciRuntime.cpp:1609), pid=11715, tid=11736
#  fatal error: Fatal exception in JVMCI: Error calling jdk.vm.ci.services.Services.serializeSavedProperties
#
# JRE version: OpenJDK Runtime Environment GraalVM CE 22.3.0 (17.0.5+8) (build 17.0.5+8-jvmci-22.3-b08)
# Java VM: OpenJDK 64-Bit Server VM GraalVM CE 22.3.0 (17.0.5+8-jvmci-22.3-b08, mixed mode, sharing, tiered, jvmci, jvmci compiler, compressed oops, compressed class ptrs, parallel gc, linux-amd64)
# Problematic frame:
# V  [libjvm.so+0x972714]  JVMCIRuntime::fatal_exception(JVMCIEnv*, char const*)+0x74
#
# Core dump will be written. Default location: Core dumps may be processed with "/usr/share/apport/apport -p%p -s%s -c%c -d%d -P%P -u%u -g%g -- %E" (or dumping to /home/runner/Muehle/core.11715)
#
# If you would like to submit a bug report, please visit:
#   https://github.com/oracle/graal/issues
#

---------------  S U M M A R Y ------------

Command Line: -XX:ThreadPriorityPolicy=1 -XX:+UnlockExperimentalVMOptions -XX:+EnableJVMCIProduct -XX:JVMCIThreadsPerNativeLibraryRuntime=1 -XX:-UnlockExperimentalVMOptions -Declipse.application=org.eclipse.jdt.ls.core.id1 -Dosgi.bundles.defaultStartLevel=4 -Declipse.product=org.eclipse.jdt.ls.core.product -Dlog.level=ALL -Xverify:none -XX:+UseParallelGC -XX:GCTimeRatio=4 -XX:AdaptiveSizePolicyWeight=90 -Dsun.zip.disableMemoryMapping=true -Xmx512m -Xms100m /nix/store/a7s9klvriqi68xz3qjc0qyfl5h86xc16-jdt-language-server-1.9.0/share/java/plugins/org.eclipse.equinox.launcher_1.6.400.v20210924-0641.jar --add-modules=ALL-SYSTEM --add-opens java.base/java.util=ALL-UNNAMED --add-opens java.base/java.lang=ALL-UNNAMED -configuration /home/runner/Muehle/.cache/jdt-language-server/config -data /home/runner/Muehle/.cache/jdt-language-server/data/home/runner/Muehle

Host: Intel(R) Xeon(R) CPU @ 2.20GHz, 8 cores, 1G, Ubuntu 20.04.2 LTS
Time: Wed Nov 22 10:45:54 2023 UTC elapsed time: 1496.784521 seconds (0d 0h 24m 56s)

---------------  T H R E A D  ---------------

Current thread (0x00007f92ac0b1c30):  JavaThread "JVMCI-native CompilerThread0" daemon [_thread_in_vm, id=11736, stack(0x00007f9290c48000,0x00007f9290e48000)]


Current CompileTask:
JVMCI-native:1496786 8664       4       java.util.ArrayList::isEmpty (13 bytes)

Stack: [0x00007f9290c48000,0x00007f9290e48000],  sp=0x00007f9290e46380,  free space=2040k
Native frames: (J=compiled Java code, j=interpreted, Vv=VM code, C=native code)
V  [libjvm.so+0x972714]  JVMCIRuntime::fatal_exception(JVMCIEnv*, char const*)+0x74
V  [libjvm.so+0x93e2fe]  JVMCIEnv::copy_saved_properties()+0x14e
V  [libjvm.so+0x9732a9]  JVMCIRuntime::initialize(JVMCIEnv*)+0xb19
V  [libjvm.so+0x9738a2]  JVMCIRuntime::get_HotSpotJVMCIRuntime(JVMCIEnv*)+0x12
V  [libjvm.so+0x9749f2]  JVMCIRuntime::compile_method(JVMCIEnv*, JVMCICompiler*, methodHandle const&, int)+0xd2
V  [libjvm.so+0x5b0d20]  CompileBroker::invoke_compiler_on_method(CompileTask*)+0x1470
V  [libjvm.so+0x5b12e8]  CompileBroker::compiler_thread_loop()+0x528
V  [libjvm.so+0xd82460]  JavaThread::thread_main_inner()+0xd0
V  [libjvm.so+0xd85a40]  Thread::call_run()+0xc0
V  [libjvm.so+0xbdb1e1]  thread_native_entry(Thread*)+0xe1

Register to memory mapping:

RAX=0x00007f92b0919000 points into unknown readable memory: 0x0000000000000058 | 58 00 00 00 00 00 00 00
RBX=0x00007f92b1a14398: <offset 0x0000000000ef5398> in /nix/store/gpxl5qgg8kicmcvivwmybwjlpf7wh20l-graalvm17-ce-22.3.0/lib/server/libjvm.so at 0x00007f92b0b1f000
RCX=0x00007f92b19cc1e8: <offset 0x0000000000ead1e8> in /nix/store/gpxl5qgg8kicmcvivwmybwjlpf7wh20l-graalvm17-ce-22.3.0/lib/server/libjvm.so at 0x00007f92b0b1f000
RDX=0x0000000000000649 is an unknown value
RSP=0x00007f9290e46380 is pointing into the stack for thread: 0x00007f92ac0b1c30
RBP=0x00007f9290e463a0 is pointing into the stack for thread: 0x00007f92ac0b1c30
RSI=0x00007f92b1a14c48: <offset 0x0000000000ef5c48> in /nix/store/gpxl5qgg8kicmcvivwmybwjlpf7wh20l-graalvm17-ce-22.3.0/lib/server/libjvm.so at 0x00007f92b0b1f000
RDI=0x00000000e0000000 is an oop: [Ljava.util.HashMap$Node; 
{0x00000000e0000000} - klass: 'java/util/HashMap$Node'[]
 - length: 2
R8 =0x00007f92b1a14398: <offset 0x0000000000ef5398> in /nix/store/gpxl5qgg8kicmcvivwmybwjlpf7wh20l-graalvm17-ce-22.3.0/lib/server/libjvm.so at 0x00007f92b0b1f000
R9 =0x0000000000000003 is an unknown value
R10=0x00007f92b1d65da0: <offset 0x0000000001246da0> in /nix/store/gpxl5qgg8kicmcvivwmybwjlpf7wh20l-graalvm17-ce-22.3.0/lib/server/libjvm.so at 0x00007f92b0b1f000
R11=0x0000000000000246 is an unknown value
R12=0x0 is NULL
R13=0x00007f92ac0b1c30 is a thread
R14=0x00007f92ac000b80 points into unknown readable memory: 0x00007f92b1c45a38 | 38 5a c4 b1 92 7f 00 00
R15=0x00007f92b1d53e40: <offset 0x0000000001234e40> in /nix/store/gpxl5qgg8kicmcvivwmybwjlpf7wh20l-graalvm17-ce-22.3.0/lib/server/libjvm.so at 0x00007f92b0b1f000


Registers:
RAX=0x00007f92b0919000, RBX=0x00007f92b1a14398, RCX=0x00007f92b19cc1e8, RDX=0x0000000000000649
RSP=0x00007f9290e46380, RBP=0x00007f9290e463a0, RSI=0x00007f92b1a14c48, RDI=0x00000000e0000000
R8 =0x00007f92b1a14398, R9 =0x0000000000000003, R10=0x00007f92b1d65da0, R11=0x0000000000000246
R12=0x0000000000000000, R13=0x00007f92ac0b1c30, R14=0x00007f92ac000b80, R15=0x00007f92b1d53e40
RIP=0x00007f92b1491714, EFLAGS=0x0000000000010206, CSGSFS=0x002b000000000033, ERR=0x0000000000000006
  TRAPNO=0x000000000000000e

Top of Stack: (sp=0x00007f9290e46380)
0x00007f9290e46380:   00007f9290e46940 00007f92ac0b1c30
0x00007f9290e46390:   00007f92b02af1d0 0000000800c42ef8
0x00007f9290e463a0:   00007f9290e46500 00007f92b145d2fe
0x00007f9290e463b0:   00007f9290e463e0 00007f9290e46440 

Instructions: (pc=0x00007f92b1491714)
0x00007f92b1491614:   30 e8 f6 cf e8 ff 4c 89 e7 e8 2e 48 d1 ff 84 db
0x00007f92b1491624:   75 2a 4d 85 ed 74 04 4d 8b 6d 00 48 83 c4 08 44
0x00007f92b1491634:   89 f9 4c 89 f2 4c 89 ee 5b 4c 89 e7 41 5c 41 5d
0x00007f92b1491644:   41 5e 41 5f 5d e9 e2 47 d1 ff 66 90 48 83 c4 08
0x00007f92b1491654:   5b 41 5c 41 5d 41 5e 41 5f 5d c3 90 31 d2 be 08
0x00007f92b1491664:   00 00 00 4c 89 ff e8 b1 78 a3 ff 49 89 c5 e9 37
0x00007f92b1491674:   ff ff ff 66 0f 1f 84 00 00 00 00 00 48 8b 7a 08
0x00007f92b1491684:   e9 6d ff ff ff 0f 1f 80 00 00 00 00 e8 5b 48 0a
0x00007f92b1491694:   00 84 c0 75 89 e9 6a ff ff ff 66 90 55 48 89 e5
0x00007f92b14916a4:   41 56 41 55 41 54 49 89 fc 53 48 89 f3 66 48 8d
0x00007f92b14916b4:   3d 27 5e 85 00 66 66 48 e8 df 43 8d ff 4c 8b 28
0x00007f92b14916c4:   8b 05 be 72 8a 00 85 c0 75 14 ba 01 00 00 00 48
0x00007f92b14916d4:   8d 0d ae 72 8a 00 f0 0f b1 11 85 c0 74 4e be c8
0x00007f92b14916e4:   00 00 00 4c 89 ef e8 01 0b 41 00 48 8d 05 12 ac
0x00007f92b14916f4:   85 00 49 89 d8 48 8d 0d e8 aa 53 00 ba 49 06 00
0x00007f92b1491704:   00 48 8d 35 3c 35 58 00 bf 00 00 00 e0 48 8b 00
0x00007f92b1491714:   c6 00 58 31 c0 e8 e2 91 c6 ff 5b 41 5c 41 5d 41
0x00007f92b1491724:   5e 5d e9 55 34 26 00 0f 1f 44 00 00 48 8d 05 81
0x00007f92b1491734:   a3 8b 00 48 89 df 4c 8b 30 e8 9e 43 8d ff 48 89
0x00007f92b1491744:   de 48 89 c2 49 8b 06 4c 89 f7 ff 50 08 4c 89 f7
0x00007f92b1491754:   e8 a7 5c 27 00 4d 85 e4 74 12 be 01 00 00 00 4c
0x00007f92b1491764:   89 e7 e8 35 43 fc ff eb 82 0f 1f 00 be 01 00 00
0x00007f92b1491774:   00 4c 89 ef e8 d3 fd ff ff e9 6d ff ff ff 66 66
0x00007f92b1491784:   2e 0f 1f 84 00 00 00 00 00 0f 1f 00 55 48 89 e5
0x00007f92b1491794:   41 57 41 56 41 55 41 54 53 48 81 ec 08 02 00 00
0x00007f92b14917a4:   64 48 8b 04 25 28 00 00 00 48 89 45 c8 8b 07 83
0x00007f92b14917b4:   f8 02 0f 84 11 04 00 00 4c 8b 6f 18 49 89 ff 49
0x00007f92b14917c4:   89 f4 4d 85 ed 74 14 4c 89 ef e8 5d 57 22 00 41
0x00007f92b14917d4:   8b 07 83 f8 02 0f 84 19 04 00 00 48 8d 1d 9a 06
0x00007f92b14917e4:   8a 00 4c 8d 35 0b 3c 58 00 eb 38 90 48 85 d2 7f
0x00007f92b14917f4:   0d 48 8d 05 b4 c0 85 00 48 83 38 00 7e 0e 41 8b
0x00007f92b1491804:   77 2c 4c 89 f7 31 c0 e8 a0 b2 f7 ff 49 8b 7f 18 


Stack slot to memory mapping:
stack at sp + 0 slots: 0x00007f9290e46940 is pointing into the stack for thread: 0x00007f92ac0b1c30
stack at sp + 1 slots: 0x00007f92ac0b1c30 is a thread
stack at sp + 2 slots: 0x00007f92b02af1d0 points into unknown readable memory: 0x65730018074affff | ff ff 4a 07 18 00 73 65
stack at sp + 3 slots: 0x0000000800c42ef8 is a pointer to class: 
jdk.vm.ci.services.Services {0x0000000800c42ef8}
 - instance size:     2
 - klass size:        65
 - access:            public final synchronized 
 - state:             fully_initialized
 - name:              'jdk/vm/ci/services/Services'
 - super:             'java/lang/Object'
 - sub:               
 - arrays:            NULL
 - methods:           Array<T>(0x00007f92918563e8)
 - method ordering:   Array<T>(0x0000000800928960)
 - default_methods:   Array<T>(0x0000000000000000)
 - local interfaces:  Array<T>(0x00000008005ce810)
 - trans. interfaces: Array<T>(0x00000008005ce810)
 - constants:         constant pool [427] {0x00007f92918554c8} for 'jdk/vm/ci/services/Services' cache=0x00007f92918576b8
 - class loader data:  loader data: 0x00007f92ac027cc0 of 'bootstrap'
 - source file:       'Services.java'
 - class annotations:       Array<T>(0x0000000000000000)
 - class type annotations:  Array<T>(0x0000000000000000)
 - field annotations:       Array<T>(0x0000000000000000)
 - field type annotations:  Array<T>(0x0000000000000000)
 - inner classes:     Array<T>(0x00007f9291857688)
 - nest members:     Array<T>(0x00007f92918576a8)
 - permitted subclasses:     Array<T>(0x00000008005ce7a0)
 - java mirror:       a 'java/lang/Class'{0x00000000e02b9ff0} = 'jdk/vm/ci/services/Services'
 - vtable length      5  (start addr: 0x0000000800c430c8)
 - itable length      2 (start addr: 0x0000000800c430f0)
 - ---- static fields (3 words):
 - public static final 'IS_BUILDING_NATIVE_IMAGE' 'Z' @128 
 - public static final 'IS_IN_NATIVE_IMAGE' 'Z' @129 
 - private static volatile 'savedProperties' 'Ljava/util/Map;' @112 
 - static final 'JVMCI_ENABLED' 'Z' @130 
 - private static final 'servicesCache' 'Ljava/util/Map;' @116 
 - private static final 'MAX_UNICODE_IN_UTF8_LENGTH' 'I' @120 
 - private static final 'MAX_UTF8_PROPERTY_STRING_LENGTH' 'I' @124 
 - ---- non-static fields (0 words):
 - non-static oop maps: 
stack at sp + 4 slots: 0x00007f9290e46500 is pointing into the stack for thread: 0x00007f92ac0b1c30
stack at sp + 5 slots: 0x00007f92b145d2fe: <offset 0x000000000093e2fe> in /nix/store/gpxl5qgg8kicmcvivwmybwjlpf7wh20l-graalvm17-ce-22.3.0/lib/server/libjvm.so at 0x00007f92b0b1f000
stack at sp + 6 slots: 0x00007f9290e463e0 is pointing into the stack for thread: 0x00007f92ac0b1c30
stack at sp + 7 slots: 0x00007f9290e46440 is pointing into the stack for thread: 0x00007f92ac0b1c30


---------------  P R O C E S S  ---------------

Threads class SMR info:
_java_thread_list=0x00007f92140136f0, length=25, elements={
0x00007f92ac025f60, 0x00007f92ac0a5f00, 0x00007f92ac0a7340, 0x00007f92ac0adaa0,
0x00007f92ac0aee50, 0x00007f92ac0b0240, 0x00007f92ac0b1c30, 0x00007f92ac0b3140,
0x00007f92ac0b4590, 0x00007f92ac0d7860, 0x00007f92ac11f250, 0x00007f92ac305610,
0x00007f92ac34d860, 0x00007f92ac350310, 0x00007f9240047600, 0x00007f9240425740,
0x00007f92300010d0, 0x00007f924062bdd0, 0x00007f92407bc7d0, 0x00007f92ac37ad60,
0x00007f92ac40dbe0, 0x00007f9218001130, 0x00007f921c000ff0, 0x00007f92381f12b0,
0x00007f9210001590
}

Java Threads: ( => current thread )
  0x00007f92ac025f60 JavaThread "main" [_thread_blocked, id=11726, stack(0x00007f92b093a000,0x00007f92b0a3a000)]
  0x00007f92ac0a5f00 JavaThread "Reference Handler" daemon [_thread_blocked, id=11731, stack(0x00007f929152e000,0x00007f929162e000)]
  0x00007f92ac0a7340 JavaThread "Finalizer" daemon [_thread_blocked, id=11732, stack(0x00007f929142e000,0x00007f929152e000)]
  0x00007f92ac0adaa0 JavaThread "Signal Dispatcher" daemon [_thread_blocked, id=11733, stack(0x00007f9291048000,0x00007f9291148000)]
  0x00007f92ac0aee50 JavaThread "Service Thread" daemon [_thread_blocked, id=11734, stack(0x00007f9290f48000,0x00007f9291048000)]
  0x00007f92ac0b0240 JavaThread "Monitor Deflation Thread" daemon [_thread_blocked, id=11735, stack(0x00007f9290e48000,0x00007f9290f48000)]
=>0x00007f92ac0b1c30 JavaThread "JVMCI-native CompilerThread0" daemon [_thread_in_vm, id=11736, stack(0x00007f9290c48000,0x00007f9290e48000)]
  0x00007f92ac0b3140 JavaThread "C1 CompilerThread0" daemon [_thread_blocked, id=11737, stack(0x00007f9290a48000,0x00007f9290c48000)]
  0x00007f92ac0b4590 JavaThread "Sweeper thread" daemon [_thread_blocked, id=11738, stack(0x00007f9290948000,0x00007f9290a48000)]
  0x00007f92ac0d7860 JavaThread "Common-Cleaner" daemon [_thread_blocked, id=11739, stack(0x00007f9290848000,0x00007f9290948000)]
  0x00007f92ac11f250 JavaThread "Notification Thread" daemon [_thread_blocked, id=11740, stack(0x00007f9290748000,0x00007f9290848000)]
  0x00007f92ac305610 JavaThread "Active Thread: Equinox Container: 70aa63fd-4503-4dd4-8246-8a3e34e9eed7" [_thread_blocked, id=11750, stack(0x00007f9290400000,0x00007f9290500000)]
  0x00007f92ac34d860 JavaThread "Framework Event Dispatcher: Equinox Container: 70aa63fd-4503-4dd4-8246-8a3e34e9eed7" daemon [_thread_blocked, id=11756, stack(0x00007f9290200000,0x00007f9290300000)]
  0x00007f92ac350310 JavaThread "Start Level: Equinox Container: 70aa63fd-4503-4dd4-8246-8a3e34e9eed7" daemon [_thread_blocked, id=11757, stack(0x00007f9290000000,0x00007f9290100000)]
  0x00007f9240047600 JavaThread "SCR Component Actor" daemon [_thread_blocked, id=11759, stack(0x00007f9258900000,0x00007f9258a00000)]
  0x00007f9240425740 JavaThread "Worker-JM" [_thread_blocked, id=11767, stack(0x00007f9258500000,0x00007f9258600000)]
  0x00007f92300010d0 JavaThread "Worker-1: Compacting resource model" [_thread_blocked, id=11769, stack(0x00007f9258100000,0x00007f9258200000)]
  0x00007f924062bdd0 JavaThread "Java indexing" daemon [_thread_blocked, id=11771, stack(0x00007f9257f00000,0x00007f9258000000)]
  0x00007f92407bc7d0 JavaThread "Bundle File Closer" daemon [_thread_blocked, id=11777, stack(0x00007f9257d00000,0x00007f9257e00000)]
  0x00007f92ac37ad60 JavaThread "pool-3-thread-1" [_thread_blocked, id=11778, stack(0x00007f9257b00000,0x00007f9257c00000)]
  0x00007f92ac40dbe0 JavaThread "pool-2-thread-1" [_thread_blocked, id=11786, stack(0x00007f9258700000,0x00007f9258800000)]
  0x00007f9218001130 JavaThread "Worker-3: Java indexing... " [_thread_blocked, id=11787, stack(0x00007f9257700000,0x00007f9257800000)]
  0x00007f921c000ff0 JavaThread "Worker-4" [_thread_blocked, id=11788, stack(0x00007f9257500000,0x00007f9257600000)]
  0x00007f92381f12b0 JavaThread "Thread-3" [_thread_blocked, id=11827, stack(0x00007f9256f00000,0x00007f9257000000)]
  0x00007f9210001590 JavaThread "Worker-5: Publish Diagnostics" [_thread_blocked, id=12074, stack(0x00007f9256d00000,0x00007f9256e00000)]

Other Threads:
  0x00007f92ac0a1640 VMThread "VM Thread" [stack: 0x00007f9291630000,0x00007f9291730000] [id=11730] _threads_hazard_ptr=0x00007f92140136f0
  0x00007f92ac120bf0 WatcherThread [stack: 0x00007f9290648000,0x00007f9290748000] [id=11741]
  0x00007f92ac03d860 GCTaskThread "GC Thread#0" [stack: 0x00007f92b04fd000,0x00007f92b05fd000] [id=11728]

Threads with active compile tasks:
JVMCI-native CompilerThread0  1496845 8664       4       java.util.ArrayList::isEmpty (13 bytes)

VM state: synchronizing (normal execution)

VM Mutex/Monitor currently owned by a thread:  ([mutex/lock_event])
[0x00007f92ac023110] Threads_lock - owner thread: 0x00007f92ac0a1640
[0x00007f92ac0238c0] Heap_lock - owner thread: 0x00007f924062bdd0

OutOfMemory and StackOverflow Exception counts:
OutOfMemoryError java_heap_errors=2
LinkageErrors=41

Heap address: 0x00000000e0000000, size: 512 MB, Compressed Oops mode: 32-bit

CDS archive(s) mapped at: [0x0000000800000000-0x0000000800bc8000-0x0000000800bc8000), size 12353536, SharedBaseAddress: 0x0000000800000000, ArchiveRelocationMode: 0.
Compressed class space mapped at: 0x0000000800c00000-0x0000000840c00000, reserved size: 1073741824
Narrow klass base: 0x0000000800000000, Narrow klass shift: 0, Narrow klass range: 0x100000000

GC Precious Log:
 CPUs: 8 total, 1 available
 Memory: 1024M
 Large Page Support: Disabled
 NUMA Support: Disabled
 Compressed Oops: Enabled (32-bit)
 Alignments: Space 512K, Generation 512K, Heap 2M
 Heap Min Capacity: 100M
 Heap Initial Capacity: 100M
 Heap Max Capacity: 512M
 Pre-touch: Disabled
 Parallel Workers: 1

Heap:
 PSYoungGen      total 48640K, used 37375K [0x00000000f5580000, 0x00000000f9100000, 0x0000000100000000)
  eden space 37376K, 99% used [0x00000000f5580000,0x00000000f79ffff8,0x00000000f7a00000)
  from space 11264K, 0% used [0x00000000f7d80000,0x00000000f7d80000,0x00000000f8880000)
  to   space 6656K, 0% used [0x00000000f8a80000,0x00000000f8a80000,0x00000000f9100000)
 ParOldGen       total 349696K, used 349694K [0x00000000e0000000, 0x00000000f5580000, 0x00000000f5580000)
  object space 349696K, 99% used [0x00000000e0000000,0x00000000f557f900,0x00000000f5580000)
 Metaspace       used 54429K, committed 55232K, reserved 1105920K
  class space    used 5109K, committed 5504K, reserved 1048576K

Card table byte_map: [0x00007f92b05fd000,0x00007f92b06fe000] _byte_map_base: 0x00007f92afefd000

Marking Bits: (ParMarkBitMap*) 0x00007f92b1d4d4c0
 Begin Bits: [0x00007f92924b3000, 0x00007f9292cb3000)
 End Bits:   [0x00007f9292cb3000, 0x00007f92934b3000)

Polling page: 0x00007f92b0917000

Metaspace:

Usage:
  Non-class:     48.16 MB used.
      Class:      4.99 MB used.
       Both:     53.15 MB used.

Virtual space:
  Non-class space:       56.00 MB reserved,      48.56 MB ( 87%) committed,  7 nodes.
      Class space:        1.00 GB reserved,       5.38 MB ( <1%) committed,  1 nodes.
             Both:        1.05 GB reserved,      53.94 MB (  5%) committed. 

Chunk freelists:
   Non-Class:  3.03 MB
       Class:  2.49 MB
        Both:  5.52 MB

MaxMetaspaceSize: unlimited
CompressedClassSpaceSize: 1.00 GB
Initial GC threshold: 21.00 MB
Current GC threshold: 89.94 MB
CDS: on
MetaspaceReclaimPolicy: balanced
 - commit_granule_bytes: 65536.
 - commit_granule_words: 8192.
 - virtual_space_node_default_size: 1048576.
 - enlarge_chunks_in_place: 1.
 - new_chunks_are_fully_committed: 0.
 - uncommit_free_chunks: 1.
 - use_allocation_guard: 0.
 - handle_deallocations: 1.


Internal statistics:

num_allocs_failed_limit: 6.
num_arena_births: 346.
num_arena_deaths: 60.
num_vsnodes_births: 8.
num_vsnodes_deaths: 0.
num_space_committed: 859.
num_space_uncommitted: 0.
num_chunks_returned_to_freelist: 80.
num_chunks_taken_from_freelist: 2589.
num_chunk_merges: 32.
num_chunk_splits: 1656.
num_chunks_enlarged: 1047.
num_purges: 2.
num_inconsistent_stats: 0.

CodeHeap 'non-profiled nmethods': size=120036Kb used=2438Kb max_used=2442Kb free=117598Kb
 bounds [0x00007f929af7a000, 0x00007f929b1ea000, 0x00007f92a24b3000]
CodeHeap 'profiled nmethods': size=120032Kb used=14247Kb max_used=15528Kb free=105784Kb
 bounds [0x00007f9293a42000, 0x00007f9294972000, 0x00007f929af7a000]
CodeHeap 'non-nmethods': size=5692Kb used=1350Kb max_used=1359Kb free=4341Kb
 bounds [0x00007f92934b3000, 0x00007f9293723000, 0x00007f9293a42000]
 total_blobs=7116 nmethods=6430 adapters=584
 compilation: enabled
              stopped_count=0, restarted_count=0
 full_count=0

JVMCI Events (20 events):
Event: 1077.235 Thread 0x00007f92ac0b1c30 destroyed JavaVM[4]@0x00007f922d69e340 for JVMCI runtime 0
Event: 1077.235 Thread 0x00007f92ac0b1c30 compacted oop handles in JVMCI runtime 0 from 79 to 79
Event: 1077.235 Thread 0x00007f92ac0b1c30 releasing handles for JVMCI runtime 0: oop handles=79, metadata handles={total=448, live=446, blocks=32}
Event: 1077.236 Thread 0x00007f92ac0b1c30 detached from JVMCI runtime 0
Event: 1297.026 Thread 0x00007f92ac0b1c30 attached to JVMCI runtime 0
Event: 1297.033 Thread 0x00007f92ac0b1c30 created JavaVM[5]@0x00007f922d69e340 for JVMCI runtime 0
Event: 1301.723 Thread 0x00007f92ac0b1c30 initializing JVMCI runtime 0
Event: 1301.723 Thread 0x00007f92ac0b1c30 done waiting for JavaVM references initialization in JVMCI runtime 0
Event: 1402.117 Thread 0x00007f92ac0b1c30 initialized JVMCI runtime 0
Event: 1419.764 Thread 0x00007f92ac0b1c30 detaching from JVMCI runtime 0: releasing idle compiler thread (0 other threads still attached)
Event: 1419.764 Thread 0x00007f92ac0b1c30 shutting down HotSpotJVMCIRuntime for JVMCI runtime 0
Event: 1419.765 Thread 0x00007f92ac0b1c30 shut down JVMCI runtime 0
Event: 1422.036 Thread 0x00007f92ac0b1c30 destroyed JavaVM[5]@0x00007f922d69e340 for JVMCI runtime 0
Event: 1422.036 Thread 0x00007f92ac0b1c30 compacted oop handles in JVMCI runtime 0 from 46 to 46
Event: 1422.036 Thread 0x00007f92ac0b1c30 releasing handles for JVMCI runtime 0: oop handles=46, metadata handles={total=90, live=78, blocks=32}
Event: 1422.036 Thread 0x00007f92ac0b1c30 detached from JVMCI runtime 0
Event: 1438.132 Thread 0x00007f92ac0b1c30 attached to JVMCI runtime 0
Event: 1438.135 Thread 0x00007f92ac0b1c30 created JavaVM[6]@0x00007f922d69e340 for JVMCI runtime 0
Event: 1440.621 Thread 0x00007f92ac0b1c30 initializing JVMCI runtime 0
Event: 1440.621 Thread 0x00007f92ac0b1c30 done waiting for JavaVM references initialization in JVMCI runtime 0

Compilation events (20 events):
Event: 1070.530 Thread 0x00007f92ac0b1c30 nmethod 8647 0x00007f929b1dc690 code [0x00007f929b1dc800, 0x00007f929b1dc850]
Event: 1180.383 Thread 0x00007f92ac0b3140 8656       3       org.eclipse.core.runtime.SubMonitor::isCanceled (20 bytes)
Event: 1180.384 Thread 0x00007f92ac0b3140 nmethod 8656 0x00007f9293e48990 code [0x00007f9293e48b40, 0x00007f9293e48f40]
Event: 1297.026 Thread 0x00007f92ac0b1c30 8658       4       org.eclipse.jdt.internal.compiler.util.CharDelegateMap::<init> (37 bytes)
Event: 1362.431 Thread 0x00007f92ac0b3140 8659       3       java.util.Collections$UnmodifiableMap$UnmodifiableEntrySet$1::next (5 bytes)
Event: 1364.786 Thread 0x00007f92ac0b3140 nmethod 8659 0x00007f9293d6fc90 code [0x00007f9293d6fe80, 0x00007f9293d70990]
Event: 1364.786 Thread 0x00007f92ac0b3140 8660       3       java.util.Collections$UnmodifiableMap$UnmodifiableEntrySet$1::next (20 bytes)
Event: 1367.284 Thread 0x00007f92ac0b3140 nmethod 8660 0x00007f9293a4c010 code [0x00007f9293a4c200, 0x00007f9293a4ccb0]
Event: 1367.284 Thread 0x00007f92ac0b3140 8661       3       java.util.Collections$UnmodifiableMap$UnmodifiableEntrySet$UnmodifiableEntry::<init> (16 bytes)
Event: 1367.285 Thread 0x00007f92ac0b3140 nmethod 8661 0x00007f9294085290 code [0x00007f9294085460, 0x00007f92940859a0]
Event: 1367.285 Thread 0x00007f92ac0b3140 8662       3       java.util.Collections$UnmodifiableMap$UnmodifiableEntrySet$UnmodifiableEntry::getKey (10 bytes)
Event: 1367.285 Thread 0x00007f92ac0b3140 nmethod 8662 0x00007f9293b59310 code [0x00007f9293b594c0, 0x00007f9293b597e0]
Event: 1367.285 Thread 0x00007f92ac0b3140 8663       3       java.util.Collections$UnmodifiableMap$UnmodifiableEntrySet$UnmodifiableEntry::getValue (10 bytes)
Event: 1367.285 Thread 0x00007f92ac0b3140 nmethod 8663 0x00007f9293f02a90 code [0x00007f9293f02c40, 0x00007f9293f02f60]
Event: 1417.246 Thread 0x00007f92ac0b1c30 nmethod 8658 0x00007f929b180990 code [0x00007f929b180b20, 0x00007f929b180e40]
Event: 1438.132 Thread 0x00007f92ac0b1c30 8664       4       java.util.ArrayList::isEmpty (13 bytes)
Event: 1440.622 Thread 0x00007f92ac0b3140 8665       3       java.util.concurrent.locks.AbstractQueuedSynchronizer$Node::<init> (5 bytes)
Event: 1440.622 Thread 0x00007f92ac0b3140 nmethod 8665 0x00007f9294082b10 code [0x00007f9294082cc0, 0x00007f9294082e10]
Event: 1481.319 Thread 0x00007f92ac0b3140 8666       3       java.util.concurrent.ThreadPoolExecutor::workerCountOf (5 bytes)
Event: 1483.490 Thread 0x00007f92ac0b3140 nmethod 8666 0x00007f9293bc2a90 code [0x00007f9293bc2c20, 0x00007f9293bc2d10]

GC Heap History (20 events):
Event: 1474.732 GC heap before
{Heap before GC invocations=670 (full 606):
 PSYoungGen      total 48640K, used 37376K [0x00000000f5580000, 0x00000000f9100000, 0x0000000100000000)
  eden space 37376K, 100% used [0x00000000f5580000,0x00000000f7a00000,0x00000000f7a00000)
  from space 11264K, 0% used [0x00000000f7d80000,0x00000000f7d80000,0x00000000f8880000)
  to   space 6656K, 0% used [0x00000000f8a80000,0x00000000f8a80000,0x00000000f9100000)
 ParOldGen       total 349696K, used 349695K [0x00000000e0000000, 0x00000000f5580000, 0x00000000f5580000)
  object space 349696K, 99% used [0x00000000e0000000,0x00000000f557ffe0,0x00000000f5580000)
 Metaspace       used 54429K, committed 55232K, reserved 1105920K
  class space    used 5109K, committed 5504K, reserved 1048576K
}
Event: 1477.014 GC heap after
{Heap after GC invocations=670 (full 606):
 PSYoungGen      total 44032K, used 37375K [0x00000000f5580000, 0x00000000f9100000, 0x0000000100000000)
  eden space 37376K, 99% used [0x00000000f5580000,0x00000000f79fffc0,0x00000000f7a00000)
  from space 6656K, 0% used [0x00000000f8a80000,0x00000000f8a80000,0x00000000f9100000)
  to   space 11264K, 0% used [0x00000000f7d80000,0x00000000f7d80000,0x00000000f8880000)
 ParOldGen       total 349696K, used 349695K [0x00000000e0000000, 0x00000000f5580000, 0x00000000f5580000)
  object space 349696K, 99% used [0x00000000e0000000,0x00000000f557fc48,0x00000000f5580000)
 Metaspace       used 54429K, committed 55232K, reserved 1105920K
  class space    used 5109K, committed 5504K, reserved 1048576K
}
Event: 1477.014 GC heap before
{Heap before GC invocations=671 (full 607):
 PSYoungGen      total 44032K, used 37376K [0x00000000f5580000, 0x00000000f9100000, 0x0000000100000000)
  eden space 37376K, 100% used [0x00000000f5580000,0x00000000f7a00000,0x00000000f7a00000)
  from space 6656K, 0% used [0x00000000f8a80000,0x00000000f8a80000,0x00000000f9100000)
  to   space 11264K, 0% used [0x00000000f7d80000,0x00000000f7d80000,0x00000000f8880000)
 ParOldGen       total 349696K, used 349695K [0x00000000e0000000, 0x00000000f5580000, 0x00000000f5580000)
  object space 349696K, 99% used [0x00000000e0000000,0x00000000f557fc48,0x00000000f5580000)
 Metaspace       used 54429K, committed 55232K, reserved 1105920K
  class space    used 5109K, committed 5504K, reserved 1048576K
}
Event: 1479.321 GC heap after
{Heap after GC invocations=671 (full 607):
 PSYoungGen      total 48640K, used 37376K [0x00000000f5580000, 0x00000000f9100000, 0x0000000100000000)
  eden space 37376K, 100% used [0x00000000f5580000,0x00000000f7a00000,0x00000000f7a00000)
  from space 11264K, 0% used [0x00000000f7d80000,0x00000000f7d80000,0x00000000f8880000)
  to   space 6656K, 0% used [0x00000000f8a80000,0x00000000f8a80000,0x00000000f9100000)
 ParOldGen       total 349696K, used 349695K [0x00000000e0000000, 0x00000000f5580000, 0x00000000f5580000)
  object space 349696K, 99% used [0x00000000e0000000,0x00000000f557fc48,0x00000000f5580000)
 Metaspace       used 54429K, committed 55232K, reserved 1105920K
  class space    used 5109K, committed 5504K, reserved 1048576K
}
Event: 1479.329 GC heap before
{Heap before GC invocations=672 (full 608):
 PSYoungGen      total 48640K, used 37376K [0x00000000f5580000, 0x00000000f9100000, 0x0000000100000000)
  eden space 37376K, 100% used [0x00000000f5580000,0x00000000f7a00000,0x00000000f7a00000)
  from space 11264K, 0% used [0x00000000f7d80000,0x00000000f7d80000,0x00000000f8880000)
  to   space 6656K, 0% used [0x00000000f8a80000,0x00000000f8a80000,0x00000000f9100000)
 ParOldGen       total 349696K, used 349695K [0x00000000e0000000, 0x00000000f5580000, 0x00000000f5580000)
  object space 349696K, 99% used [0x00000000e0000000,0x00000000f557fff8,0x00000000f5580000)
 Metaspace       used 54429K, committed 55232K, reserved 1105920K
  class space    used 5109K, committed 5504K, reserved 1048576K
}
Event: 1481.319 GC heap after
{Heap after GC invocations=672 (full 608):
 PSYoungGen      total 44032K, used 37375K [0x00000000f5580000, 0x00000000f9100000, 0x0000000100000000)
  eden space 37376K, 99% used [0x00000000f5580000,0x00000000f79fffc0,0x00000000f7a00000)
  from space 6656K, 0% used [0x00000000f8a80000,0x00000000f8a80000,0x00000000f9100000)
  to   space 11264K, 0% used [0x00000000f7d80000,0x00000000f7d80000,0x00000000f8880000)
 ParOldGen       total 349696K, used 349695K [0x00000000e0000000, 0x00000000f5580000, 0x00000000f5580000)
  object space 349696K, 99% used [0x00000000e0000000,0x00000000f557fdc0,0x00000000f5580000)
 Metaspace       used 54429K, committed 55232K, reserved 1105920K
  class space    used 5109K, committed 5504K, reserved 1048576K
}
Event: 1481.319 GC heap before
{Heap before GC invocations=673 (full 609):
 PSYoungGen      total 44032K, used 37375K [0x00000000f5580000, 0x00000000f9100000, 0x0000000100000000)
  eden space 37376K, 99% used [0x00000000f5580000,0x00000000f79ffff8,0x00000000f7a00000)
  from space 6656K, 0% used [0x00000000f8a80000,0x00000000f8a80000,0x00000000f9100000)
  to   space 11264K, 0% used [0x00000000f7d80000,0x00000000f7d80000,0x00000000f8880000)
 ParOldGen       total 349696K, used 349695K [0x00000000e0000000, 0x00000000f5580000, 0x00000000f5580000)
  object space 349696K, 99% used [0x00000000e0000000,0x00000000f557fdc0,0x00000000f5580000)
 Metaspace       used 54429K, committed 55232K, reserved 1105920K
  class space    used 5109K, committed 5504K, reserved 1048576K
}
Event: 1483.489 GC heap after
{Heap after GC invocations=673 (full 609):
 PSYoungGen      total 48640K, used 37375K [0x00000000f5580000, 0x00000000f9100000, 0x0000000100000000)
  eden space 37376K, 99% used [0x00000000f5580000,0x00000000f79fffd8,0x00000000f7a00000)
  from space 11264K, 0% used [0x00000000f7d80000,0x00000000f7d80000,0x00000000f8880000)
  to   space 6656K, 0% used [0x00000000f8a80000,0x00000000f8a80000,0x00000000f9100000)
 ParOldGen       total 349696K, used 349695K [0x00000000e0000000, 0x00000000f5580000, 0x00000000f5580000)
  object space 349696K, 99% used [0x00000000e0000000,0x00000000f557fda0,0x00000000f5580000)
 Metaspace       used 54429K, committed 55232K, reserved 1105920K
  class space    used 5109K, committed 5504K, reserved 1048576K
}
Event: 1483.493 GC heap before
{Heap before GC invocations=674 (full 610):
 PSYoungGen      total 48640K, used 37375K [0x00000000f5580000, 0x00000000f9100000, 0x0000000100000000)
  eden space 37376K, 99% used [0x00000000f5580000,0x00000000f79ffff0,0x00000000f7a00000)
  from space 11264K, 0% used [0x00000000f7d80000,0x00000000f7d80000,0x00000000f8880000)
  to   space 6656K, 0% used [0x00000000f8a80000,0x00000000f8a80000,0x00000000f9100000)
 ParOldGen       total 349696K, used 349695K [0x00000000e0000000, 0x00000000f5580000, 0x00000000f5580000)
  object space 349696K, 99% used [0x00000000e0000000,0x00000000f557fda0,0x00000000f5580000)
 Metaspace       used 54429K, committed 55232K, reserved 1105920K
  class space    used 5109K, committed 5504K, reserved 1048576K
}
Event: 1485.690 GC heap after
{Heap after GC invocations=674 (full 610):
 PSYoungGen      total 44032K, used 37375K [0x00000000f5580000, 0x00000000f9100000, 0x0000000100000000)
  eden space 37376K, 99% used [0x00000000f5580000,0x00000000f79ffff0,0x00000000f7a00000)
  from space 6656K, 0% used [0x00000000f8a80000,0x00000000f8a80000,0x00000000f9100000)
  to   space 11264K, 0% used [0x00000000f7d80000,0x00000000f7d80000,0x00000000f8880000)
 ParOldGen       total 349696K, used 349695K [0x00000000e0000000, 0x00000000f5580000, 0x00000000f5580000)
  object space 349696K, 99% used [0x00000000e0000000,0x00000000f557fda0,0x00000000f5580000)
 Metaspace       used 54429K, committed 55232K, reserved 1105920K
  class space    used 5109K, committed 5504K, reserved 1048576K
}
Event: 1485.691 GC heap before
{Heap before GC invocations=675 (full 611):
 PSYoungGen      total 44032K, used 37376K [0x00000000f5580000, 0x00000000f9100000, 0x0000000100000000)
  eden space 37376K, 100% used [0x00000000f5580000,0x00000000f7a00000,0x00000000f7a00000)
  from space 6656K, 0% used [0x00000000f8a80000,0x00000000f8a80000,0x00000000f9100000)
  to   space 11264K, 0% used [0x00000000f7d80000,0x00000000f7d80000,0x00000000f8880000)
 ParOldGen       total 349696K, used 349695K [0x00000000e0000000, 0x00000000f5580000, 0x00000000f5580000)
  object space 349696K, 99% used [0x00000000e0000000,0x00000000f557fff8,0x00000000f5580000)
 Metaspace       used 54429K, committed 55232K, reserved 1105920K
  class space    used 5109K, committed 5504K, reserved 1048576K
}
Event: 1488.018 GC heap after
{Heap after GC invocations=675 (full 611):
 PSYoungGen      total 48640K, used 37375K [0x00000000f5580000, 0x00000000f9100000, 0x0000000100000000)
  eden space 37376K, 99% used [0x00000000f5580000,0x00000000f79ffff0,0x00000000f7a00000)
  from space 11264K, 0% used [0x00000000f7d80000,0x00000000f7d80000,0x00000000f8880000)
  to   space 6656K, 0% used [0x00000000f8a80000,0x00000000f8a80000,0x00000000f9100000)
 ParOldGen       total 349696K, used 349695K [0x00000000e0000000, 0x00000000f5580000, 0x00000000f5580000)
  object space 349696K, 99% used [0x00000000e0000000,0x00000000f557fe58,0x00000000f5580000)
 Metaspace       used 54429K, committed 55232K, reserved 1105920K
  class space    used 5109K, committed 5504K, reserved 1048576K
}
Event: 1488.019 GC heap before
{Heap before GC invocations=676 (full 612):
 PSYoungGen      total 48640K, used 37376K [0x00000000f5580000, 0x00000000f9100000, 0x0000000100000000)
  eden space 37376K, 100% used [0x00000000f5580000,0x00000000f7a00000,0x00000000f7a00000)
  from space 11264K, 0% used [0x00000000f7d80000,0x00000000f7d80000,0x00000000f8880000)
  to   space 6656K, 0% used [0x00000000f8a80000,0x00000000f8a80000,0x00000000f9100000)
 ParOldGen       total 349696K, used 349695K [0x00000000e0000000, 0x00000000f5580000, 0x00000000f5580000)
  object space 349696K, 99% used [0x00000000e0000000,0x00000000f557fe58,0x00000000f5580000)
 Metaspace       used 54429K, committed 55232K, reserved 1105920K
  class space    used 5109K, committed 5504K, reserved 1048576K
}
Event: 1490.244 GC heap after
{Heap after GC invocations=676 (full 612):
 PSYoungGen      total 44032K, used 37375K [0x00000000f5580000, 0x00000000f9100000, 0x0000000100000000)
  eden space 37376K, 99% used [0x00000000f5580000,0x00000000f79ffff0,0x00000000f7a00000)
  from space 6656K, 0% used [0x00000000f8a80000,0x00000000f8a80000,0x00000000f9100000)
  to   space 11264K, 0% used [0x00000000f7d80000,0x00000000f7d80000,0x00000000f8880000)
 ParOldGen       total 349696K, used 349695K [0x00000000e0000000, 0x00000000f5580000, 0x00000000f5580000)
  object space 349696K, 99% used [0x00000000e0000000,0x00000000f557fe38,0x00000000f5580000)
 Metaspace       used 54429K, committed 55232K, reserved 1105920K
  class space    used 5109K, committed 5504K, reserved 1048576K
}
Event: 1490.245 GC heap before
{Heap before GC invocations=677 (full 613):
 PSYoungGen      total 44032K, used 37376K [0x00000000f5580000, 0x00000000f9100000, 0x0000000100000000)
  eden space 37376K, 100% used [0x00000000f5580000,0x00000000f7a00000,0x00000000f7a00000)
  from space 6656K, 0% used [0x00000000f8a80000,0x00000000f8a80000,0x00000000f9100000)
  to   space 11264K, 0% used [0x00000000f7d80000,0x00000000f7d80000,0x00000000f8880000)
 ParOldGen       total 349696K, used 349695K [0x00000000e0000000, 0x00000000f5580000, 0x00000000f5580000)
  object space 349696K, 99% used [0x00000000e0000000,0x00000000f557fe38,0x00000000f5580000)
 Metaspace       used 54429K, committed 55232K, reserved 1105920K
  class space    used 5109K, committed 5504K, reserved 1048576K
}
Event: 1492.441 GC heap after
{Heap after GC invocations=677 (full 613):
 PSYoungGen      total 48640K, used 37375K [0x00000000f5580000, 0x00000000f9100000, 0x0000000100000000)
  eden space 37376K, 99% used [0x00000000f5580000,0x00000000f79ffff0,0x00000000f7a00000)
  from space 11264K, 0% used [0x00000000f7d80000,0x00000000f7d80000,0x00000000f8880000)
  to   space 6656K, 0% used [0x00000000f8a80000,0x00000000f8a80000,0x00000000f9100000)
 ParOldGen       total 349696K, used 349695K [0x00000000e0000000, 0x00000000f5580000, 0x00000000f5580000)
  object space 349696K, 99% used [0x00000000e0000000,0x00000000f557fe38,0x00000000f5580000)
 Metaspace       used 54429K, committed 55232K, reserved 1105920K
  class space    used 5109K, committed 5504K, reserved 1048576K
}
Event: 1492.441 GC heap before
{Heap before GC invocations=678 (full 614):
 PSYoungGen      total 48640K, used 37375K [0x00000000f5580000, 0x00000000f9100000, 0x0000000100000000)
  eden space 37376K, 99% used [0x00000000f5580000,0x00000000f79ffff0,0x00000000f7a00000)
  from space 11264K, 0% used [0x00000000f7d80000,0x00000000f7d80000,0x00000000f8880000)
  to   space 6656K, 0% used [0x00000000f8a80000,0x00000000f8a80000,0x00000000f9100000)
 ParOldGen       total 349696K, used 349695K [0x00000000e0000000, 0x00000000f5580000, 0x00000000f5580000)
  object space 349696K, 99% used [0x00000000e0000000,0x00000000f557fe38,0x00000000f5580000)
 Metaspace       used 54429K, committed 55232K, reserved 1105920K
  class space    used 5109K, committed 5504K, reserved 1048576K
}
Event: 1494.694 GC heap after
{Heap after GC invocations=678 (full 614):
 PSYoungGen      total 44032K, used 37375K [0x00000000f5580000, 0x00000000f9100000, 0x0000000100000000)
  eden space 37376K, 99% used [0x00000000f5580000,0x00000000f79ffff0,0x00000000f7a00000)
  from space 6656K, 0% used [0x00000000f8a80000,0x00000000f8a80000,0x00000000f9100000)
  to   space 11264K, 0% used [0x00000000f7d80000,0x00000000f7d80000,0x00000000f8880000)
 ParOldGen       total 349696K, used 349695K [0x00000000e0000000, 0x00000000f5580000, 0x00000000f5580000)
  object space 349696K, 99% used [0x00000000e0000000,0x00000000f557fe38,0x00000000f5580000)
 Metaspace       used 54429K, committed 55232K, reserved 1105920K
  class space    used 5109K, committed 5504K, reserved 1048576K
}
Event: 1494.695 GC heap before
{Heap before GC invocations=679 (full 615):
 PSYoungGen      total 44032K, used 37376K [0x00000000f5580000, 0x00000000f9100000, 0x0000000100000000)
  eden space 37376K, 100% used [0x00000000f5580000,0x00000000f7a00000,0x00000000f7a00000)
  from space 6656K, 0% used [0x00000000f8a80000,0x00000000f8a80000,0x00000000f9100000)
  to   space 11264K, 0% used [0x00000000f7d80000,0x00000000f7d80000,0x00000000f8880000)
 ParOldGen       total 349696K, used 349695K [0x00000000e0000000, 0x00000000f5580000, 0x00000000f5580000)
  object space 349696K, 99% used [0x00000000e0000000,0x00000000f557ffe0,0x00000000f5580000)
 Metaspace       used 54429K, committed 55232K, reserved 1105920K
  class space    used 5109K, committed 5504K, reserved 1048576K
}
Event: 1496.704 GC heap after
{Heap after GC invocations=679 (full 615):
 PSYoungGen      total 48640K, used 37375K [0x00000000f5580000, 0x00000000f9100000, 0x0000000100000000)
  eden space 37376K, 99% used [0x00000000f5580000,0x00000000f79fffd8,0x00000000f7a00000)
  from space 11264K, 0% used [0x00000000f7d80000,0x00000000f7d80000,0x00000000f8880000)
  to   space 6656K, 0% used [0x00000000f8a80000,0x00000000f8a80000,0x00000000f9100000)
 ParOldGen       total 349696K, used 349692K [0x00000000e0000000, 0x00000000f5580000, 0x00000000f5580000)
  object space 349696K, 99% used [0x00000000e0000000,0x00000000f557f090,0x00000000f5580000)
 Metaspace       used 54429K, committed 55232K, reserved 1105920K
  class space    used 5109K, committed 5504K, reserved 1048576K
}

Dll operation events (8 events):
Event: 0.010 Loaded shared library /nix/store/gpxl5qgg8kicmcvivwmybwjlpf7wh20l-graalvm17-ce-22.3.0/lib/libjava.so
Event: 0.160 Loaded shared library /nix/store/gpxl5qgg8kicmcvivwmybwjlpf7wh20l-graalvm17-ce-22.3.0/lib/libjsvml.so
Event: 0.740 Loaded shared library /nix/store/gpxl5qgg8kicmcvivwmybwjlpf7wh20l-graalvm17-ce-22.3.0/lib/libnio.so
Event: 0.787 Loaded shared library /nix/store/gpxl5qgg8kicmcvivwmybwjlpf7wh20l-graalvm17-ce-22.3.0/lib/libzip.so
Event: 0.829 Loaded shared library /nix/store/gpxl5qgg8kicmcvivwmybwjlpf7wh20l-graalvm17-ce-22.3.0/lib/libjvmcicompiler.so
Event: 1.393 Loaded shared library /nix/store/gpxl5qgg8kicmcvivwmybwjlpf7wh20l-graalvm17-ce-22.3.0/lib/libjimage.so
Event: 3.794 Loaded shared library /nix/store/gpxl5qgg8kicmcvivwmybwjlpf7wh20l-graalvm17-ce-22.3.0/lib/libnet.so
Event: 5.684 Loaded shared library /home/runner/Muehle/.cache/jdt-language-server/config/org.eclipse.equinox.launcher/org.eclipse.equinox.launcher.gtk.linux.x86_64_1.2.400.v20211117-0650/eclipse_11600.so

Deoptimization events (20 events):
Event: 89.614 Thread 0x00007f924062bdd0 DEOPT PACKING pc=0x00007f9293a45785 sp=0x00007f9257ffe530
Event: 89.614 Thread 0x00007f924062bdd0 DEOPT UNPACKING pc=0x00007f9293505325 sp=0x00007f9257ffda20 mode 0
Event: 98.793 Thread 0x00007f92300010d0 Uncommon trap: trap_request=0xffffffe5 fr.pc=0x00007f929b170358 relative=0x0000000000000958
Event: 98.793 Thread 0x00007f92300010d0 Uncommon trap: reason=range_check action=reinterpret pc=0x00007f929b170358 method=org.eclipse.jdt.internal.compiler.parser.Scanner.scanIdentifierOrKeyword()I @ 10 jvmci
Event: 98.797 Thread 0x00007f92300010d0 DEOPT PACKING pc=0x00007f929b170358 sp=0x00007f92581fd910
Event: 98.797 Thread 0x00007f92300010d0 DEOPT UNPACKING pc=0x00007f9293505325 sp=0x00007f92581fccd0 mode 3
Event: 117.230 Thread 0x00007f92ac40dbe0 Uncommon trap: trap_request=0xffffffed fr.pc=0x00007f929b17404b relative=0x0000000000000aeb
Event: 117.230 Thread 0x00007f92ac40dbe0 Uncommon trap: reason=null_assert_or_unreached0 action=reinterpret pc=0x00007f929b17404b method=com.google.gson.stream.JsonReader.doPeek()I @ 0 jvmci
Event: 117.230 Thread 0x00007f92ac40dbe0 DEOPT PACKING pc=0x00007f929b17404b sp=0x00007f92587fe3d0
Event: 117.230 Thread 0x00007f92ac40dbe0 DEOPT UNPACKING pc=0x00007f9293505325 sp=0x00007f92587fd878 mode 3
Event: 117.339 Thread 0x00007f923826bd10 DEOPT PACKING pc=0x00007f92940c5fdd sp=0x00007f92573fc5c0
Event: 117.339 Thread 0x00007f923826bd10 DEOPT UNPACKING pc=0x00007f9293505325 sp=0x00007f92573fba80 mode 0
Event: 120.484 Thread 0x00007f923826bd10 Uncommon trap: trap_request=0xffffffcd fr.pc=0x00007f929afb1c9a relative=0x000000000000085a
Event: 120.484 Thread 0x00007f923826bd10 Uncommon trap: reason=intrinsic_or_type_checked_inlining action=reinterpret pc=0x00007f929afb1c9a method=java.util.HashMap.putVal(ILjava/lang/Object;Ljava/lang/Object;ZZ)Ljava/lang/Object; @ 29 jvmci
Event: 120.484 Thread 0x00007f923826bd10 DEOPT PACKING pc=0x00007f929afb1c9a sp=0x00007f92573fdcf0
Event: 120.484 Thread 0x00007f923826bd10 DEOPT UNPACKING pc=0x00007f9293505325 sp=0x00007f92573fd190 mode 3
Event: 551.214 Thread 0x00007f923820a1e0 DEOPT PACKING pc=0x00007f929b092de4 sp=0x00007f92573fd370
Event: 551.214 Thread 0x00007f923820a1e0 DEOPT UNPACKING pc=0x00007f9293505325 sp=0x00007f92573fc7b8 mode 1
Event: 551.214 Thread 0x00007f923820a1e0 DEOPT PACKING pc=0x00007f929b0d2b80 sp=0x00007f92573fd790
Event: 551.214 Thread 0x00007f923820a1e0 DEOPT UNPACKING pc=0x00007f9293505325 sp=0x00007f92573fcbb0 mode 1

Classes unloaded (20 events):
Event: 115.827 Thread 0x00007f92ac0a1640 Unloading class 0x0000000800d91400 'java/lang/invoke/LambdaForm$MH+0x0000000800d91400'
Event: 115.827 Thread 0x00007f92ac0a1640 Unloading class 0x0000000800d91000 'java/lang/invoke/LambdaForm$MH+0x0000000800d91000'
Event: 115.827 Thread 0x00007f92ac0a1640 Unloading class 0x0000000800d90c00 'java/lang/invoke/LambdaForm$MH+0x0000000800d90c00'
Event: 115.827 Thread 0x00007f92ac0a1640 Unloading class 0x0000000800d90800 'java/lang/invoke/LambdaForm$MH+0x0000000800d90800'
Event: 115.827 Thread 0x00007f92ac0a1640 Unloading class 0x0000000800d90400 'java/lang/invoke/LambdaForm$MH+0x0000000800d90400'
Event: 115.827 Thread 0x00007f92ac0a1640 Unloading class 0x0000000800d90000 'java/lang/invoke/LambdaForm$MH+0x0000000800d90000'
Event: 115.827 Thread 0x00007f92ac0a1640 Unloading class 0x0000000800cb2800 'java/lang/invoke/LambdaForm$MH+0x0000000800cb2800'
Event: 115.827 Thread 0x00007f92ac0a1640 Unloading class 0x0000000800cb2000 'java/lang/invoke/LambdaForm$MH+0x0000000800cb2000'
Event: 115.827 Thread 0x00007f92ac0a1640 Unloading class 0x0000000800cb1c00 'java/lang/invoke/LambdaForm$MH+0x0000000800cb1c00'
Event: 115.827 Thread 0x00007f92ac0a1640 Unloading class 0x0000000800cb1800 'java/lang/invoke/LambdaForm$MH+0x0000000800cb1800'
Event: 115.827 Thread 0x00007f92ac0a1640 Unloading class 0x0000000800cb1000 'java/lang/invoke/LambdaForm$MH+0x0000000800cb1000'
Event: 115.827 Thread 0x00007f92ac0a1640 Unloading class 0x0000000800cb0c00 'java/lang/invoke/LambdaForm$MH+0x0000000800cb0c00'
Event: 115.827 Thread 0x00007f92ac0a1640 Unloading class 0x0000000800cb0800 'java/lang/invoke/LambdaForm$MH+0x0000000800cb0800'
Event: 115.827 Thread 0x00007f92ac0a1640 Unloading class 0x0000000800cb0000 'java/lang/invoke/LambdaForm$MH+0x0000000800cb0000'
Event: 115.827 Thread 0x00007f92ac0a1640 Unloading class 0x0000000800c85000 'jdk/internal/reflect/GeneratedMethodAccessor5'
Event: 115.827 Thread 0x00007f92ac0a1640 Unloading class 0x0000000800c84c00 'jdk/internal/reflect/GeneratedMethodAccessor4'
Event: 115.827 Thread 0x00007f92ac0a1640 Unloading class 0x0000000800c84800 'jdk/internal/reflect/GeneratedMethodAccessor3'
Event: 115.827 Thread 0x00007f92ac0a1640 Unloading class 0x0000000800c84400 'jdk/internal/reflect/GeneratedMethodAccessor2'
Event: 115.827 Thread 0x00007f92ac0a1640 Unloading class 0x0000000800c84000 'jdk/internal/reflect/GeneratedMethodAccessor1'
Event: 115.827 Thread 0x00007f92ac0a1640 Unloading class 0x0000000800c01c00 'java/lang/invoke/LambdaForm$DMH+0x0000000800c01c00'

Classes redefined (0 events):
No events

Internal exceptions (20 events):
Event: 29.298 Thread 0x00007f92ac40dbe0 Implicit null exception at 0x00007f929b0ac84f to 0x00007f9293504f68
Event: 30.523 Thread 0x00007f924062bdd0 Exception <a 'sun/nio/fs/UnixException'{0x00000000f5a487e0}> (0x00000000f5a487e0) 
thrown [src/hotspot/share/prims/jni.cpp, line 516]
Event: 30.590 Thread 0x00007f924062bdd0 Exception <a 'sun/nio/fs/UnixException'{0x00000000f5aa21f8}> (0x00000000f5aa21f8) 
thrown [src/hotspot/share/prims/jni.cpp, line 516]
Event: 32.791 Thread 0x00007f92300010d0 Exception <a 'java/io/FileNotFoundException'{0x00000000f694eab0}> (0x00000000f694eab0) 
thrown [src/hotspot/share/prims/jni.cpp, line 516]
Event: 32.792 Thread 0x00007f92300010d0 Exception <a 'java/io/FileNotFoundException'{0x00000000f694fa80}> (0x00000000f694fa80) 
thrown [src/hotspot/share/prims/jni.cpp, line 516]
Event: 33.401 Thread 0x00007f92381f2240 Exception <a 'java/lang/NoSuchMethodError'{0x00000000f59aca78}: 'void java.lang.invoke.DirectMethodHandle$Holder.invokeVirtual(java.lang.Object, java.lang.Object)'> (0x00000000f59aca78) 
thrown [src/hotspot/share/interpreter/linkResolver.cpp, line 758]
Event: 33.606 Thread 0x00007f92381f0420 Exception <a 'java/lang/NoSuchMethodError'{0x00000000f5c25108}: 'java.lang.Object java.lang.invoke.DirectMethodHandle$Holder.invokeStatic(java.lang.Object, int, java.lang.Object, java.lang.Object, java.lang.Object, java.lang.Object)'> (0x00000000f5c25108) 
thrown [src/hotspot/share/interpreter/linkResolver.cpp, line 758]
Event: 34.204 Thread 0x00007f92381f0420 Exception <a 'java/lang/NoSuchMethodError'{0x00000000f6396a50}: 'void java.lang.invoke.DirectMethodHandle$Holder.invokeSpecial(java.lang.Object, java.lang.Object, int)'> (0x00000000f6396a50) 
thrown [src/hotspot/share/interpreter/linkResolver.cpp, line 758]
Event: 34.781 Thread 0x00007f92381f0420 Exception <a 'java/lang/NoSuchMethodError'{0x00000000f5664148}: 'int java.lang.invoke.DirectMethodHandle$Holder.invokeSpecialIFC(java.lang.Object, java.lang.Object, java.lang.Object, java.lang.Object)'> (0x00000000f5664148) 
thrown [src/hotspot/share/interpreter/linkResolver.cpp, line 758]
Event: 35.586 Thread 0x00007f924062bdd0 Exception <a 'sun/nio/fs/UnixException'{0x00000000f5f4ecb0}> (0x00000000f5f4ecb0) 
thrown [src/hotspot/share/prims/jni.cpp, line 516]
Event: 35.588 Thread 0x00007f924062bdd0 Exception <a 'sun/nio/fs/UnixException'{0x00000000f5f53140}> (0x00000000f5f53140) 
thrown [src/hotspot/share/prims/jni.cpp, line 516]
Event: 36.788 Thread 0x00007f924062bdd0 Implicit null exception at 0x00007f929b086730 to 0x00007f929b0867d7
Event: 55.101 Thread 0x00007f924062bdd0 Implicit null exception at 0x00007f929b14a7f6 to 0x00007f929b14cf62
Event: 66.687 Thread 0x00007f924062bdd0 Implicit null exception at 0x00007f929b189706 to 0x00007f929b18d034
Event: 76.198 Thread 0x00007f92ac40dbe0 Exception <a 'java/lang/ClassNotFoundException'{0x00000000f620e740}: sun/util/logging/resources/spi/loggingProvider> (0x00000000f620e740) 
thrown [src/hotspot/share/classfile/systemDictionary.cpp, line 256]
Event: 126.096 Thread 0x00007f923820a1e0 Exception <a 'java/lang/ArrayIndexOutOfBoundsException'{0x00000000f78e1218}: Index 578 out of bounds for length 578> (0x00000000f78e1218) 
thrown [src/hotspot/share/interpreter/interpreterRuntime.cpp, line 428]
Event: 551.213 Thread 0x00007f923820a1e0 Exception <a 'java/lang/OutOfMemoryError'{0x00000000e00d0358}> (0x00000000e00d0358) 
thrown [src/hotspot/share/gc/shared/memAllocator.cpp, line 136]
Event: 564.325 Thread 0x00007f92ac40dbe0 Exception <a 'java/lang/reflect/InvocationTargetException'{0x00000000f79e6060}> (0x00000000f79e6060) 
thrown [src/hotspot/share/runtime/reflection.cpp, line 1119]
Event: 566.812 Thread 0x00007f92ac40dbe0 Exception <a 'java/lang/ClassNotFoundException'{0x00000000f79f5388}: sun/util/logging/resources/spi/loggingProvider> (0x00000000f79f5388) 
thrown [src/hotspot/share/classfile/systemDictionary.cpp, line 256]
Event: 1494.694 Thread 0x00007f92ac0b1c30 Exception <a 'java/lang/OutOfMemoryError'{0x00000000e00d0358}> (0x00000000e00d0358) 
thrown [src/hotspot/share/gc/shared/memAllocator.cpp, line 136]

VM Operations (20 events):
Event: 1474.731 Executing VM operation: ParallelGCFailedAllocation done
Event: 1474.732 Executing VM operation: ParallelGCFailedAllocation
Event: 1477.014 Executing VM operation: ParallelGCFailedAllocation done
Event: 1477.014 Executing VM operation: ParallelGCFailedAllocation
Event: 1479.321 Executing VM operation: ParallelGCFailedAllocation done
Event: 1479.321 Executing VM operation: ParallelGCFailedAllocation
Event: 1481.319 Executing VM operation: ParallelGCFailedAllocation done
Event: 1481.319 Executing VM operation: ParallelGCFailedAllocation
Event: 1483.490 Executing VM operation: ParallelGCFailedAllocation done
Event: 1483.490 Executing VM operation: ParallelGCFailedAllocation
Event: 1485.690 Executing VM operation: ParallelGCFailedAllocation done
Event: 1485.691 Executing VM operation: ParallelGCFailedAllocation
Event: 1488.018 Executing VM operation: ParallelGCFailedAllocation done
Event: 1488.019 Executing VM operation: ParallelGCFailedAllocation
Event: 1490.244 Executing VM operation: ParallelGCFailedAllocation done
Event: 1490.244 Executing VM operation: ParallelGCFailedAllocation
Event: 1494.694 Executing VM operation: ParallelGCFailedAllocation done
Event: 1494.694 Executing VM operation: ParallelGCFailedAllocation
Event: 1496.704 Executing VM operation: ParallelGCFailedAllocation done
Event: 1496.704 Executing VM operation: ParallelGCFailedAllocation

Events (20 events):
Event: 1070.548 Thread 0x00007f92ac0b4590 flushing nmethod 0x00007f92940b0a10
Event: 1070.548 Thread 0x00007f92ac0b4590 flushing nmethod 0x00007f9294112610
Event: 1070.548 Thread 0x00007f92ac0b4590 flushing nmethod 0x00007f929411a890
Event: 1070.548 Thread 0x00007f92ac0b4590 flushing nmethod 0x00007f9294120310
Event: 1070.548 Thread 0x00007f92ac0b4590 flushing nmethod 0x00007f929413cb10
Event: 1070.548 Thread 0x00007f92ac0b4590 flushing nmethod 0x00007f929414fc10
Event: 1070.548 Thread 0x00007f92ac0b4590 flushing nmethod 0x00007f929415a410
Event: 1070.548 Thread 0x00007f92ac0b4590 flushing nmethod 0x00007f929415b910
Event: 1070.548 Thread 0x00007f92ac0b4590 flushing nmethod 0x00007f9294181410
Event: 1070.548 Thread 0x00007f92ac0b4590 flushing nmethod 0x00007f92941a8390
Event: 1070.552 Thread 0x00007f92ac0b4590 flushing nmethod 0x00007f9294293f90
Event: 1070.552 Thread 0x00007f92ac0b4590 flushing nmethod 0x00007f9294294a10
Event: 1070.552 Thread 0x00007f92ac0b4590 flushing nmethod 0x00007f9294295710
Event: 1070.553 Thread 0x00007f92ac0b4590 flushing nmethod 0x00007f92942e5c90
Event: 1070.553 Thread 0x00007f92ac0b4590 flushing nmethod 0x00007f9294314f90
Event: 1070.553 Thread 0x00007f92ac0b4590 flushing nmethod 0x00007f929431ce10
Event: 1070.553 Thread 0x00007f92ac0b4590 flushing nmethod 0x00007f929433fa10
Event: 1070.556 Thread 0x00007f92ac0b4590 flushing nmethod 0x00007f92945b9190
Event: 1070.556 Thread 0x00007f92ac0b4590 flushing nmethod 0x00007f92945b9710
Event: 1075.044 Thread 0x00007f92ac0b4590 flushing nmethod 0x00007f9294736310


Dynamic libraries:
e0000000-f4600000 rw-p 00000000 00:00 0 
f4600000-f9100000 rw-p 00000000 00:00 0 
f9100000-100000000 ---p 00000000 00:00 0 
800000000-800449000 rw-p 00001000 00:5b7 707969865                       /nix/store/gpxl5qgg8kicmcvivwmybwjlpf7wh20l-graalvm17-ce-22.3.0/lib/server/classes.jsa
800449000-800bc8000 r--p 0044a000 00:5b7 707969865                       /nix/store/gpxl5qgg8kicmcvivwmybwjlpf7wh20l-graalvm17-ce-22.3.0/lib/server/classes.jsa
800bc8000-800c00000 ---p 00000000 00:00 0 
800c00000-800c10000 rw-p 00000000 00:00 0 
800c10000-800c30000 rw-p 00000000 00:00 0 
800c30000-800cb0000 rw-p 00000000 00:00 0 
800cb0000-800cf0000 rw-p 00000000 00:00 0 
800cf0000-800db0000 rw-p 00000000 00:00 0 
800db0000-800df0000 rw-p 00000000 00:00 0 
800df0000-801130000 rw-p 00000000 00:00 0 
801130000-801150000 rw-p 00000000 00:00 0 
801150000-801180000 ---p 00000000 00:00 0 
801180000-801190000 rw-p 00000000 00:00 0 
801190000-840c00000 ---p 00000000 00:00 0 
5640f46e8000-5640f46e9000 r-xp 00000000 00:5b7 672029940                 /nix/store/gpxl5qgg8kicmcvivwmybwjlpf7wh20l-graalvm17-ce-22.3.0/bin/.java-wrapped
5640f46ea000-5640f46eb000 r--p 00001000 00:5b7 672029940                 /nix/store/gpxl5qgg8kicmcvivwmybwjlpf7wh20l-graalvm17-ce-22.3.0/bin/.java-wrapped
5640f46eb000-5640f46ec000 rw-p 00002000 00:5b7 672029940                 /nix/store/gpxl5qgg8kicmcvivwmybwjlpf7wh20l-graalvm17-ce-22.3.0/bin/.java-wrapped
5640f46ec000-5640f46ed000 rw-p 00004000 00:5b7 672029940                 /nix/store/gpxl5qgg8kicmcvivwmybwjlpf7wh20l-graalvm17-ce-22.3.0/bin/.java-wrapped
5640f46ed000-5640f46ee000 rw-p 00005000 00:5b7 672029940                 /nix/store/gpxl5qgg8kicmcvivwmybwjlpf7wh20l-graalvm17-ce-22.3.0/bin/.java-wrapped
5640f5c0d000-5640f5c55000 rw-p 00000000 00:00 0                          [heap]
7f91f0000000-7f91f003a000 rw-p 00000000 00:00 0 
7f91f003a000-7f91f4000000 ---p 00000000 00:00 0 
7f91f8000000-7f91f8073000 rw-p 00000000 00:00 0 
7f91f8073000-7f91fc000000 ---p 00000000 00:00 0 
7f91fc000000-7f91fc07a000 rw-p 00000000 00:00 0 
7f91fc07a000-7f9200000000 ---p 00000000 00:00 0 
7f9200000000-7f92000ce000 rw-p 00000000 00:00 0 
7f92000ce000-7f9204000000 ---p 00000000 00:00 0 
7f92064b3000-7f9210000000 r--s 00000000 00:5b7 707804677                 /nix/store/gpxl5qgg8kicmcvivwmybwjlpf7wh20l-graalvm17-ce-22.3.0/lib/modules
7f9210000000-7f9210021000 rw-p 00000000 00:00 0 
7f9210021000-7f9214000000 ---p 00000000 00:00 0 
7f9214000000-7f9214038000 rw-p 00000000 00:00 0 
7f9214038000-7f9218000000 ---p 00000000 00:00 0 
7f9218000000-7f9218042000 rw-p 00000000 00:00 0 
7f9218042000-7f921c000000 ---p 00000000 00:00 0 
7f921c000000-7f921c0bd000 rw-p 00000000 00:00 0 
7f921c0bd000-7f9220000000 ---p 00000000 00:00 0 
7f9220000000-7f9220021000 rw-p 00000000 00:00 0 
7f9220021000-7f9224000000 ---p 00000000 00:00 0 
7f9224000000-7f9224021000 rw-p 00000000 00:00 0 
7f9224021000-7f9228000000 ---p 00000000 00:00 0 
7f9228000000-7f9228024000 rw-p 00000000 00:00 0 
7f9228024000-7f922c000000 ---p 00000000 00:00 0 
7f922ca00000-7f922cb00000 ---p 00000000 00:00 0 
7f922cb00000-7f922d0af000 r--p 01122000 00:5b7 707802136                 /nix/store/gpxl5qgg8kicmcvivwmybwjlpf7wh20l-graalvm17-ce-22.3.0/lib/libjvmcicompiler.so
7f922d0af000-7f922d200000 r--p 00000000 00:00 0 
7f922d200000-7f922d23d000 rw-p 00000000 00:00 0 
7f922d23d000-7f922d75d000 rw-p 0185f000 00:5b7 707802136                 /nix/store/gpxl5qgg8kicmcvivwmybwjlpf7wh20l-graalvm17-ce-22.3.0/lib/libjvmcicompiler.so
7f922d75d000-7f922db44000 r--p 01d7f000 00:5b7 707802136                 /nix/store/gpxl5qgg8kicmcvivwmybwjlpf7wh20l-graalvm17-ce-22.3.0/lib/libjvmcicompiler.so
7f922dc00000-7f922def0000 rw-p 00000000 00:00 0 
7f922def0000-7f922df90000 rw-p 00000000 00:00 0 
7f922df90000-7f922e000000 ---p 00000000 00:00 0 
7f922e000000-7f922e3e0000 rw-p 00000000 00:00 0 
7f922e3e0000-7f922ebf0000 rw-p 00000000 00:00 0 
7f922ebf0000-7f922ecf0000 rw-p 00000000 00:00 0 
7f922ecf0000-7f922edf0000 rw-p 00000000 00:00 0 
7f922edf0000-7f922f3f0000 rw-p 00000000 00:00 0 
7f922f3f0000-7f922f4f0000 rw-p 00000000 00:00 0 
7f922f4f0000-7f922f5f0000 rw-p 00000000 00:00 0 
7f922f5f0000-7f922fc00000 rw-p 00000000 00:00 0 
7f9230000000-7f92302fa000 rw-p 00000000 00:00 0 
7f92302fa000-7f9234000000 ---p 00000000 00:00 0 
7f9234000000-7f9234076000 rw-p 00000000 00:00 0 
7f9234076000-7f9238000000 ---p 00000000 00:00 0 
7f9238000000-7f9238291000 rw-p 00000000 00:00 0 
7f9238291000-7f923c000000 ---p 00000000 00:00 0 
7f923c000000-7f923c021000 rw-p 00000000 00:00 0 
7f923c021000-7f9240000000 ---p 00000000 00:00 0 
7f9240000000-7f92408a4000 rw-p 00000000 00:00 0 
7f92408a4000-7f9244000000 ---p 00000000 00:00 0 
7f9244000000-7f9244021000 rw-p 00000000 00:00 0 
7f9244021000-7f9248000000 ---p 00000000 00:00 0 
7f9248000000-7f9248021000 rw-p 00000000 00:00 0 
7f9248021000-7f924c000000 ---p 00000000 00:00 0 
7f924c000000-7f924c021000 rw-p 00000000 00:00 0 
7f924c021000-7f9250000000 ---p 00000000 00:00 0 
7f9250000000-7f925007d000 rw-p 00000000 00:00 0 
7f925007d000-7f9254000000 ---p 00000000 00:00 0 
7f9254000000-7f9254010000 rw-p 00000000 00:00 0 
7f9254010000-7f9254100000 rw-p 00000000 00:00 0 
7f9254100000-7f9254800000 ---p 00000000 00:00 0 
7f9255000000-7f92550f0000 rw-p 00000000 00:00 0 
7f92550f0000-7f92551f0000 rw-p 00000000 00:00 0 
7f92551f0000-7f9255800000 rw-p 00000000 00:00 0 
7f9255800000-7f9255810000 r-xp 00000000 00:4c2 310                       /home/runner/Muehle/.cache/jdt-language-server/config/org.eclipse.equinox.launcher/org.eclipse.equinox.launcher.gtk.linux.x86_64_1.2.400.v20211117-0650/eclipse_11600.so
7f9255810000-7f9255a0f000 ---p 00010000 00:4c2 310                       /home/runner/Muehle/.cache/jdt-language-server/config/org.eclipse.equinox.launcher/org.eclipse.equinox.launcher.gtk.linux.x86_64_1.2.400.v20211117-0650/eclipse_11600.so
7f9255a0f000-7f9255a10000 r--p 0000f000 00:4c2 310                       /home/runner/Muehle/.cache/jdt-language-server/config/org.eclipse.equinox.launcher/org.eclipse.equinox.launcher.gtk.linux.x86_64_1.2.400.v20211117-0650/eclipse_11600.so
7f9255a10000-7f9255a11000 rw-p 00010000 00:4c2 310                       /home/runner/Muehle/.cache/jdt-language-server/config/org.eclipse.equinox.launcher/org.eclipse.equinox.launcher.gtk.linux.x86_64_1.2.400.v20211117-0650/eclipse_11600.so
7f9256b00000-7f9256b04000 ---p 00000000 00:00 0 
7f9256b04000-7f9256c00000 rw-p 00000000 00:00 0 
7f9256d00000-7f9256d04000 ---p 00000000 00:00 0 
7f9256d04000-7f9256e00000 rw-p 00000000 00:00 0 
7f9256f00000-7f9256f04000 ---p 00000000 00:00 0 
7f9256f04000-7f9257000000 rw-p 00000000 00:00 0 
7f9257100000-7f9257104000 ---p 00000000 00:00 0 
7f9257104000-7f9257200000 rw-p 00000000 00:00 0 
7f9257300000-7f9257304000 ---p 00000000 00:00 0 
7f9257304000-7f9257400000 rw-p 00000000 00:00 0 
7f9257500000-7f9257504000 ---p 00000000 00:00 0 
7f9257504000-7f9257600000 rw-p 00000000 00:00 0 
7f9257700000-7f9257704000 ---p 00000000 00:00 0 
7f9257704000-7f9257800000 rw-p 00000000 00:00 0 
7f9257900000-7f9257904000 ---p 00000000 00:00 0 
7f9257904000-7f9257a00000 rw-p 00000000 00:00 0 
7f9257b00000-7f9257b04000 ---p 00000000 00:00 0 
7f9257b04000-7f9257c00000 rw-p 00000000 00:00 0 
7f9257d00000-7f9257d04000 ---p 00000000 00:00 0 
7f9257d04000-7f9257e00000 rw-p 00000000 00:00 0 
7f9257f00000-7f9257f04000 ---p 00000000 00:00 0 
7f9257f04000-7f9258000000 rw-p 00000000 00:00 0 
7f9258100000-7f9258104000 ---p 00000000 00:00 0 
7f9258104000-7f9258200000 rw-p 00000000 00:00 0 
7f9258300000-7f9258304000 ---p 00000000 00:00 0 
7f9258304000-7f9258400000 rw-p 00000000 00:00 0 
7f9258500000-7f9258504000 ---p 00000000 00:00 0 
7f9258504000-7f9258600000 rw-p 00000000 00:00 0 
7f9258700000-7f9258704000 ---p 00000000 00:00 0 
7f9258704000-7f9258800000 rw-p 00000000 00:00 0 
7f9258900000-7f9258904000 ---p 00000000 00:00 0 
7f9258904000-7f9258a00000 rw-p 00000000 00:00 0 
7f92597a9000-7f9259b00000 rw-p 00000000 00:00 0 
7f9259c00000-7f925bd6a000 r-xp 00000000 00:5b7 707802136                 /nix/store/gpxl5qgg8kicmcvivwmybwjlpf7wh20l-graalvm17-ce-22.3.0/lib/libjvmcicompiler.so
7f925bd6a000-7f925bf69000 ---p 0216a000 00:5b7 707802136                 /nix/store/gpxl5qgg8kicmcvivwmybwjlpf7wh20l-graalvm17-ce-22.3.0/lib/libjvmcicompiler.so
7f925bf69000-7f925bf6a000 r--p 02169000 00:5b7 707802136                 /nix/store/gpxl5qgg8kicmcvivwmybwjlpf7wh20l-graalvm17-ce-22.3.0/lib/libjvmcicompiler.so
7f925bf6a000-7f925bf6c000 rw-p 0216a000 00:5b7 707802136                 /nix/store/gpxl5qgg8kicmcvivwmybwjlpf7wh20l-graalvm17-ce-22.3.0/lib/libjvmcicompiler.so
7f925bf6c000-7f925bf6d000 rw-p 00000000 00:00 0 
7f925bf6d000-7f925bf72000 rw-p 023c3000 00:5b7 707802136                 /nix/store/gpxl5qgg8kicmcvivwmybwjlpf7wh20l-graalvm17-ce-22.3.0/lib/libjvmcicompiler.so
7f925c000000-7f925c021000 rw-p 00000000 00:00 0 
7f925c021000-7f9260000000 ---p 00000000 00:00 0 
7f9260000000-7f9260021000 rw-p 00000000 00:00 0 
7f9260021000-7f9264000000 ---p 00000000 00:00 0 
7f9264000000-7f9264021000 rw-p 00000000 00:00 0 
7f9264021000-7f9268000000 ---p 00000000 00:00 0 
7f9268000000-7f9268021000 rw-p 00000000 00:00 0 
7f9268021000-7f926c000000 ---p 00000000 00:00 0 
7f926c000000-7f926c0cd000 rw-p 00000000 00:00 0 
7f926c0cd000-7f9270000000 ---p 00000000 00:00 0 
7f9270000000-7f9270a95000 rw-p 00000000 00:00 0 
7f9270a95000-7f9274000000 ---p 00000000 00:00 0 
7f9274000000-7f9274021000 rw-p 00000000 00:00 0 
7f9274021000-7f9278000000 ---p 00000000 00:00 0 
7f9278000000-7f9278021000 rw-p 00000000 00:00 0 
7f9278021000-7f927c000000 ---p 00000000 00:00 0 
7f927c000000-7f927c021000 rw-p 00000000 00:00 0 
7f927c021000-7f9280000000 ---p 00000000 00:00 0 
7f9280000000-7f9280021000 rw-p 00000000 00:00 0 
7f9280021000-7f9284000000 ---p 00000000 00:00 0 
7f9284000000-7f9284021000 rw-p 00000000 00:00 0 
7f9284021000-7f9288000000 ---p 00000000 00:00 0 
7f9288000000-7f9288021000 rw-p 00000000 00:00 0 
7f9288021000-7f928c000000 ---p 00000000 00:00 0 
7f928c000000-7f928c1c7000 rw-p 00000000 00:00 0 
7f928c1c7000-7f9290000000 ---p 00000000 00:00 0 
7f9290000000-7f9290004000 ---p 00000000 00:00 0 
7f9290004000-7f9290100000 rw-p 00000000 00:00 0 
7f9290200000-7f9290204000 ---p 00000000 00:00 0 
7f9290204000-7f9290300000 rw-p 00000000 00:00 0 
7f9290400000-7f9290404000 ---p 00000000 00:00 0 
7f9290404000-7f9290500000 rw-p 00000000 00:00 0 
7f9290505000-7f9290646000 rw-p 00000000 00:00 0 
7f9290646000-7f9290647000 ---p 00000000 00:00 0 
7f9290647000-7f9290748000 rw-p 00000000 00:00 0 
7f9290748000-7f929074c000 ---p 00000000 00:00 0 
7f929074c000-7f9290848000 rw-p 00000000 00:00 0 
7f9290848000-7f929084c000 ---p 00000000 00:00 0 
7f929084c000-7f9290948000 rw-p 00000000 00:00 0 
7f9290948000-7f929094c000 ---p 00000000 00:00 0 
7f929094c000-7f9290a48000 rw-p 00000000 00:00 0 
7f9290a48000-7f9290a4c000 ---p 00000000 00:00 0 
7f9290a4c000-7f9290c48000 rw-p 00000000 00:00 0 
7f9290c48000-7f9290c4c000 ---p 00000000 00:00 0 
7f9290c4c000-7f9290e48000 rw-p 00000000 00:00 0 
7f9290e48000-7f9290e4c000 ---p 00000000 00:00 0 
7f9290e4c000-7f9290f48000 rw-p 00000000 00:00 0 
7f9290f48000-7f9290f4c000 ---p 00000000 00:00 0 
7f9290f4c000-7f9291048000 rw-p 00000000 00:00 0 
7f9291048000-7f929104c000 ---p 00000000 00:00 0 
7f929104c000-7f9291148000 rw-p 00000000 00:00 0 
7f9291148000-7f929142e000 r--p 00000000 00:4c3 28444448                  /usr/lib/locale/locale-archive
7f929142e000-7f9291432000 ---p 00000000 00:00 0 
7f9291432000-7f929152e000 rw-p 00000000 00:00 0 
7f929152e000-7f9291532000 ---p 00000000 00:00 0 
7f9291532000-7f929162e000 rw-p 00000000 00:00 0 
7f929162e000-7f929162f000 ---p 00000000 00:00 0 
7f929162f000-7f9291730000 rw-p 00000000 00:00 0 
7f9291730000-7f92917fe000 r-xp 00000000 00:5b7 707802132                 /nix/store/gpxl5qgg8kicmcvivwmybwjlpf7wh20l-graalvm17-ce-22.3.0/lib/libjsvml.so
7f92917fe000-7f92917ff000 r--p 000cd000 00:5b7 707802132                 /nix/store/gpxl5qgg8kicmcvivwmybwjlpf7wh20l-graalvm17-ce-22.3.0/lib/libjsvml.so
7f92917ff000-7f9291800000 rw-p 000ce000 00:5b7 707802132                 /nix/store/gpxl5qgg8kicmcvivwmybwjlpf7wh20l-graalvm17-ce-22.3.0/lib/libjsvml.so
7f9291800000-7f9291bf0000 rw-p 00000000 00:00 0 
7f9291bf0000-7f9291ef0000 rw-p 00000000 00:00 0 
7f9291ef0000-7f9292000000 rw-p 00000000 00:00 0 
7f9292072000-7f9292076000 ---p 00000000 00:00 0 
7f9292076000-7f9292094000 rw-p 00000000 00:00 0 
7f9292094000-7f92920a9000 r-xp 00000000 00:5b7 707804666                 /nix/store/gpxl5qgg8kicmcvivwmybwjlpf7wh20l-graalvm17-ce-22.3.0/lib/libnet.so
7f92920a9000-7f92920aa000 ---p 00015000 00:5b7 707804666                 /nix/store/gpxl5qgg8kicmcvivwmybwjlpf7wh20l-graalvm17-ce-22.3.0/lib/libnet.so
7f92920aa000-7f92920ab000 r--p 00015000 00:5b7 707804666                 /nix/store/gpxl5qgg8kicmcvivwmybwjlpf7wh20l-graalvm17-ce-22.3.0/lib/libnet.so
7f92920ab000-7f92920ac000 rw-p 00016000 00:5b7 707804666                 /nix/store/gpxl5qgg8kicmcvivwmybwjlpf7wh20l-graalvm17-ce-22.3.0/lib/libnet.so
7f92920ac000-7f92920af000 rw-p 0001b000 00:5b7 707804666                 /nix/store/gpxl5qgg8kicmcvivwmybwjlpf7wh20l-graalvm17-ce-22.3.0/lib/libnet.so
7f92920af000-7f92934b3000 rw-p 00000000 00:00 0 
7f92934b3000-7f9293723000 rwxp 00000000 00:00 0 
7f9293723000-7f9293a42000 ---p 00000000 00:00 0 
7f9293a42000-7f9294972000 rwxp 00000000 00:00 0 
7f9294972000-7f929af7a000 ---p 00000000 00:00 0 
7f929af7a000-7f929b1ea000 rwxp 00000000 00:00 0 
7f929b1ea000-7f92a24b3000 ---p 00000000 00:00 0 
7f92a24b3000-7f92ac000000 r--s 00000000 00:5b7 707804677                 /nix/store/gpxl5qgg8kicmcvivwmybwjlpf7wh20l-graalvm17-ce-22.3.0/lib/modules
7f92ac000000-7f92ac412000 rw-p 00000000 00:00 0 
7f92ac412000-7f92b0000000 ---p 00000000 00:00 0 
7f92b0001000-7f92b0008000 r-xp 00000000 00:5b7 707804676                 /nix/store/gpxl5qgg8kicmcvivwmybwjlpf7wh20l-graalvm17-ce-22.3.0/lib/libzip.so
7f92b0008000-7f92b0009000 ---p 00007000 00:5b7 707804676                 /nix/store/gpxl5qgg8kicmcvivwmybwjlpf7wh20l-graalvm17-ce-22.3.0/lib/libzip.so
7f92b0009000-7f92b000a000 r--p 00007000 00:5b7 707804676                 /nix/store/gpxl5qgg8kicmcvivwmybwjlpf7wh20l-graalvm17-ce-22.3.0/lib/libzip.so
7f92b000a000-7f92b000b000 rw-p 00008000 00:5b7 707804676                 /nix/store/gpxl5qgg8kicmcvivwmybwjlpf7wh20l-graalvm17-ce-22.3.0/lib/libzip.so
7f92b000b000-7f92b000d000 rw-p 0000b000 00:5b7 707804676                 /nix/store/gpxl5qgg8kicmcvivwmybwjlpf7wh20l-graalvm17-ce-22.3.0/lib/libzip.so
7f92b000d000-7f92b0020000 r-xp 00000000 00:5b7 707804667                 /nix/store/gpxl5qgg8kicmcvivwmybwjlpf7wh20l-graalvm17-ce-22.3.0/lib/libnio.so
7f92b0020000-7f92b0021000 r--p 00012000 00:5b7 707804667                 /nix/store/gpxl5qgg8kicmcvivwmybwjlpf7wh20l-graalvm17-ce-22.3.0/lib/libnio.so
7f92b0021000-7f92b0022000 rw-p 00013000 00:5b7 707804667                 /nix/store/gpxl5qgg8kicmcvivwmybwjlpf7wh20l-graalvm17-ce-22.3.0/lib/libnio.so
7f92b0022000-7f92b0027000 rw-p 00019000 00:5b7 707804667                 /nix/store/gpxl5qgg8kicmcvivwmybwjlpf7wh20l-graalvm17-ce-22.3.0/lib/libnio.so
7f92b0027000-7f92b04fb000 rw-p 00000000 00:00 0 
7f92b04fb000-7f92b04fc000 ---p 00000000 00:00 0 
7f92b04fc000-7f92b06a0000 rw-p 00000000 00:00 0 
7f92b06a0000-7f92b06c6000 rw-p 00000000 00:00 0 
7f92b06c6000-7f92b06fd000 ---p 00000000 00:00 0 
7f92b06fd000-7f92b0703000 rw-p 00000000 00:00 0 
7f92b0703000-7f92b07e9000 ---p 00000000 00:00 0 
7f92b07e9000-7f92b0808000 rw-p 00000000 00:00 0 
7f92b0808000-7f92b08d4000 ---p 00000000 00:00 0 
7f92b08d4000-7f92b08d9000 rw-p 00000000 00:00 0 
7f92b08d9000-7f92b08e0000 ---p 00000000 00:00 0 
7f92b08e0000-7f92b0904000 r-xp 00000000 00:5b7 707802124                 /nix/store/gpxl5qgg8kicmcvivwmybwjlpf7wh20l-graalvm17-ce-22.3.0/lib/libjava.so
7f92b0904000-7f92b0905000 ---p 00024000 00:5b7 707802124                 /nix/store/gpxl5qgg8kicmcvivwmybwjlpf7wh20l-graalvm17-ce-22.3.0/lib/libjava.so
7f92b0905000-7f92b0906000 r--p 00024000 00:5b7 707802124                 /nix/store/gpxl5qgg8kicmcvivwmybwjlpf7wh20l-graalvm17-ce-22.3.0/lib/libjava.so
7f92b0906000-7f92b0907000 rw-p 00025000 00:5b7 707802124                 /nix/store/gpxl5qgg8kicmcvivwmybwjlpf7wh20l-graalvm17-ce-22.3.0/lib/libjava.so
7f92b0907000-7f92b0908000 rw-p 00000000 00:00 0 
7f92b0908000-7f92b090f000 rw-p 0002f000 00:5b7 707802124                 /nix/store/gpxl5qgg8kicmcvivwmybwjlpf7wh20l-graalvm17-ce-22.3.0/lib/libjava.so
7f92b090f000-7f92b0917000 rw-s 00000000 00:3f3 389                       /tmp/hsperfdata_runner/11715
7f92b0917000-7f92b0918000 ---p 00000000 00:00 0 
7f92b0918000-7f92b0919000 r--p 00000000 00:00 0 
7f92b0919000-7f92b091a000 rwxp 00000000 00:00 0 
7f92b091a000-7f92b0935000 r-xp 00000000 00:5b7 707802128                 /nix/store/gpxl5qgg8kicmcvivwmybwjlpf7wh20l-graalvm17-ce-22.3.0/lib/libjimage.so
7f92b0935000-7f92b0936000 ---p 0001b000 00:5b7 707802128                 /nix/store/gpxl5qgg8kicmcvivwmybwjlpf7wh20l-graalvm17-ce-22.3.0/lib/libjimage.so
7f92b0936000-7f92b0938000 r--p 0001b000 00:5b7 707802128                 /nix/store/gpxl5qgg8kicmcvivwmybwjlpf7wh20l-graalvm17-ce-22.3.0/lib/libjimage.so
7f92b0938000-7f92b0939000 rw-p 0001d000 00:5b7 707802128                 /nix/store/gpxl5qgg8kicmcvivwmybwjlpf7wh20l-graalvm17-ce-22.3.0/lib/libjimage.so
7f92b0939000-7f92b093a000 rw-p 00024000 00:5b7 707802128                 /nix/store/gpxl5qgg8kicmcvivwmybwjlpf7wh20l-graalvm17-ce-22.3.0/lib/libjimage.so
7f92b093a000-7f92b093e000 ---p 00000000 00:00 0 
7f92b093e000-7f92b0a3a000 rw-p 00000000 00:00 0 
7f92b0a3a000-7f92b0a48000 r--p 00000000 00:5b7 600592023                 /nix/store/4nlgxhb09sdr51nc9hdm8az5b08vzkgx-glibc-2.35-163/lib/libm.so.6
7f92b0a48000-7f92b0abb000 r-xp 0000e000 00:5b7 600592023                 /nix/store/4nlgxhb09sdr51nc9hdm8az5b08vzkgx-glibc-2.35-163/lib/libm.so.6
7f92b0abb000-7f92b0b18000 r--p 00081000 00:5b7 600592023                 /nix/store/4nlgxhb09sdr51nc9hdm8az5b08vzkgx-glibc-2.35-163/lib/libm.so.6
7f92b0b18000-7f92b0b19000 r--p 000dd000 00:5b7 600592023                 /nix/store/4nlgxhb09sdr51nc9hdm8az5b08vzkgx-glibc-2.35-163/lib/libm.so.6
7f92b0b19000-7f92b0b1a000 rw-p 000de000 00:5b7 600592023                 /nix/store/4nlgxhb09sdr51nc9hdm8az5b08vzkgx-glibc-2.35-163/lib/libm.so.6
7f92b0b1a000-7f92b0b1b000 r--p 00000000 00:5b7 600592042                 /nix/store/4nlgxhb09sdr51nc9hdm8az5b08vzkgx-glibc-2.35-163/lib/librt.so.1
7f92b0b1b000-7f92b0b1c000 r-xp 00001000 00:5b7 600592042                 /nix/store/4nlgxhb09sdr51nc9hdm8az5b08vzkgx-glibc-2.35-163/lib/librt.so.1
7f92b0b1c000-7f92b0b1d000 r--p 00002000 00:5b7 600592042                 /nix/store/4nlgxhb09sdr51nc9hdm8az5b08vzkgx-glibc-2.35-163/lib/librt.so.1
7f92b0b1d000-7f92b0b1e000 r--p 00002000 00:5b7 600592042                 /nix/store/4nlgxhb09sdr51nc9hdm8az5b08vzkgx-glibc-2.35-163/lib/librt.so.1
7f92b0b1e000-7f92b0b1f000 rw-p 00003000 00:5b7 600592042                 /nix/store/4nlgxhb09sdr51nc9hdm8az5b08vzkgx-glibc-2.35-163/lib/librt.so.1
7f92b0b1f000-7f92b1c32000 r-xp 00000000 00:5b7 707972962                 /nix/store/gpxl5qgg8kicmcvivwmybwjlpf7wh20l-graalvm17-ce-22.3.0/lib/server/libjvm.so
7f92b1c32000-7f92b1c33000 ---p 01113000 00:5b7 707972962                 /nix/store/gpxl5qgg8kicmcvivwmybwjlpf7wh20l-graalvm17-ce-22.3.0/lib/server/libjvm.so
7f92b1c33000-7f92b1ce8000 r--p 01113000 00:5b7 707972962                 /nix/store/gpxl5qgg8kicmcvivwmybwjlpf7wh20l-graalvm17-ce-22.3.0/lib/server/libjvm.so
7f92b1ce8000-7f92b1d1c000 rw-p 011c8000 00:5b7 707972962                 /nix/store/gpxl5qgg8kicmcvivwmybwjlpf7wh20l-graalvm17-ce-22.3.0/lib/server/libjvm.so
7f92b1d1c000-7f92b1d78000 rw-p 00000000 00:00 0 
7f92b1d78000-7f92b1da0000 r--p 00000000 00:5b7 600592014                 /nix/store/4nlgxhb09sdr51nc9hdm8az5b08vzkgx-glibc-2.35-163/lib/libc.so.6
7f92b1da0000-7f92b1f16000 r-xp 00028000 00:5b7 600592014                 /nix/store/4nlgxhb09sdr51nc9hdm8az5b08vzkgx-glibc-2.35-163/lib/libc.so.6
7f92b1f16000-7f92b1f6e000 r--p 0019e000 00:5b7 600592014                 /nix/store/4nlgxhb09sdr51nc9hdm8az5b08vzkgx-glibc-2.35-163/lib/libc.so.6
7f92b1f6e000-7f92b1f72000 r--p 001f6000 00:5b7 600592014                 /nix/store/4nlgxhb09sdr51nc9hdm8az5b08vzkgx-glibc-2.35-163/lib/libc.so.6
7f92b1f72000-7f92b1f74000 rw-p 001fa000 00:5b7 600592014                 /nix/store/4nlgxhb09sdr51nc9hdm8az5b08vzkgx-glibc-2.35-163/lib/libc.so.6
7f92b1f74000-7f92b1f83000 rw-p 00000000 00:00 0 
7f92b1f83000-7f92b1f84000 r--p 00000000 00:5b7 600592019                 /nix/store/4nlgxhb09sdr51nc9hdm8az5b08vzkgx-glibc-2.35-163/lib/libdl.so.2
7f92b1f84000-7f92b1f85000 r-xp 00001000 00:5b7 600592019                 /nix/store/4nlgxhb09sdr51nc9hdm8az5b08vzkgx-glibc-2.35-163/lib/libdl.so.2
7f92b1f85000-7f92b1f86000 r--p 00002000 00:5b7 600592019                 /nix/store/4nlgxhb09sdr51nc9hdm8az5b08vzkgx-glibc-2.35-163/lib/libdl.so.2
7f92b1f86000-7f92b1f87000 r--p 00002000 00:5b7 600592019                 /nix/store/4nlgxhb09sdr51nc9hdm8az5b08vzkgx-glibc-2.35-163/lib/libdl.so.2
7f92b1f87000-7f92b1f88000 rw-p 00003000 00:5b7 600592019                 /nix/store/4nlgxhb09sdr51nc9hdm8az5b08vzkgx-glibc-2.35-163/lib/libdl.so.2
7f92b1f88000-7f92b1f89000 r--p 00000000 00:5b7 600592038                 /nix/store/4nlgxhb09sdr51nc9hdm8az5b08vzkgx-glibc-2.35-163/lib/libpthread.so.0
7f92b1f89000-7f92b1f8a000 r-xp 00001000 00:5b7 600592038                 /nix/store/4nlgxhb09sdr51nc9hdm8az5b08vzkgx-glibc-2.35-163/lib/libpthread.so.0
7f92b1f8a000-7f92b1f8b000 r--p 00002000 00:5b7 600592038                 /nix/store/4nlgxhb09sdr51nc9hdm8az5b08vzkgx-glibc-2.35-163/lib/libpthread.so.0
7f92b1f8b000-7f92b1f8c000 r--p 00002000 00:5b7 600592038                 /nix/store/4nlgxhb09sdr51nc9hdm8az5b08vzkgx-glibc-2.35-163/lib/libpthread.so.0
7f92b1f8c000-7f92b1f8d000 rw-p 00003000 00:5b7 600592038                 /nix/store/4nlgxhb09sdr51nc9hdm8az5b08vzkgx-glibc-2.35-163/lib/libpthread.so.0
7f92b1f8d000-7f92b1f9b000 r-xp 00000000 00:5b7 707802129                 /nix/store/gpxl5qgg8kicmcvivwmybwjlpf7wh20l-graalvm17-ce-22.3.0/lib/libjli.so
7f92b1f9b000-7f92b1f9c000 ---p 0000e000 00:5b7 707802129                 /nix/store/gpxl5qgg8kicmcvivwmybwjlpf7wh20l-graalvm17-ce-22.3.0/lib/libjli.so
7f92b1f9c000-7f92b1f9d000 r--p 0000e000 00:5b7 707802129                 /nix/store/gpxl5qgg8kicmcvivwmybwjlpf7wh20l-graalvm17-ce-22.3.0/lib/libjli.so
7f92b1f9d000-7f92b1f9e000 rw-p 0000f000 00:5b7 707802129                 /nix/store/gpxl5qgg8kicmcvivwmybwjlpf7wh20l-graalvm17-ce-22.3.0/lib/libjli.so
7f92b1f9e000-7f92b1f9f000 rw-p 00012000 00:5b7 707802129                 /nix/store/gpxl5qgg8kicmcvivwmybwjlpf7wh20l-graalvm17-ce-22.3.0/lib/libjli.so
7f92b1f9f000-7f92b1fa2000 r--p 00000000 00:5b7 678822167                 /nix/store/026hln0aq1hyshaxsdvhg0kmcm6yf45r-zlib-1.2.13/lib/libz.so.1.2.13
7f92b1fa2000-7f92b1fb4000 r-xp 00003000 00:5b7 678822167                 /nix/store/026hln0aq1hyshaxsdvhg0kmcm6yf45r-zlib-1.2.13/lib/libz.so.1.2.13
7f92b1fb4000-7f92b1fbb000 r--p 00015000 00:5b7 678822167                 /nix/store/026hln0aq1hyshaxsdvhg0kmcm6yf45r-zlib-1.2.13/lib/libz.so.1.2.13
7f92b1fbb000-7f92b1fbc000 r--p 0001b000 00:5b7 678822167                 /nix/store/026hln0aq1hyshaxsdvhg0kmcm6yf45r-zlib-1.2.13/lib/libz.so.1.2.13
7f92b1fbc000-7f92b1fbd000 rw-p 0001c000 00:5b7 678822167                 /nix/store/026hln0aq1hyshaxsdvhg0kmcm6yf45r-zlib-1.2.13/lib/libz.so.1.2.13
7f92b1fbd000-7f92b1fbf000 rw-p 00000000 00:00 0 
7f92b1fbf000-7f92b1fc1000 r--p 00000000 00:5b7 600592008                 /nix/store/4nlgxhb09sdr51nc9hdm8az5b08vzkgx-glibc-2.35-163/lib/ld-linux-x86-64.so.2
7f92b1fc1000-7f92b1fe8000 r-xp 00002000 00:5b7 600592008                 /nix/store/4nlgxhb09sdr51nc9hdm8az5b08vzkgx-glibc-2.35-163/lib/ld-linux-x86-64.so.2
7f92b1fe8000-7f92b1ff4000 r--p 00029000 00:5b7 600592008                 /nix/store/4nlgxhb09sdr51nc9hdm8az5b08vzkgx-glibc-2.35-163/lib/ld-linux-x86-64.so.2
7f92b1ff4000-7f92b1ff6000 r--p 00034000 00:5b7 600592008                 /nix/store/4nlgxhb09sdr51nc9hdm8az5b08vzkgx-glibc-2.35-163/lib/ld-linux-x86-64.so.2
7f92b1ff6000-7f92b1ff8000 rw-p 00036000 00:5b7 600592008                 /nix/store/4nlgxhb09sdr51nc9hdm8az5b08vzkgx-glibc-2.35-163/lib/ld-linux-x86-64.so.2
7ffd62ac8000-7ffd62aec000 rw-p 00000000 00:00 0                          [stack]
7ffd62b32000-7ffd62b36000 r--p 00000000 00:00 0                          [vvar]
7ffd62b36000-7ffd62b38000 r-xp 00000000 00:00 0                          [vdso]
ffffffffff600000-ffffffffff601000 --xp 00000000 00:00 0                  [vsyscall]


VM Arguments:
jvm_args: -XX:ThreadPriorityPolicy=1 -XX:+UnlockExperimentalVMOptions -XX:+EnableJVMCIProduct -XX:JVMCIThreadsPerNativeLibraryRuntime=1 -XX:-UnlockExperimentalVMOptions -Declipse.application=org.eclipse.jdt.ls.core.id1 -Dosgi.bundles.defaultStartLevel=4 -Declipse.product=org.eclipse.jdt.ls.core.product -Dlog.level=ALL -Xverify:none -XX:+UseParallelGC -XX:GCTimeRatio=4 -XX:AdaptiveSizePolicyWeight=90 -Dsun.zip.disableMemoryMapping=true -Xmx512m -Xms100m 
java_command: /nix/store/a7s9klvriqi68xz3qjc0qyfl5h86xc16-jdt-language-server-1.9.0/share/java/plugins/org.eclipse.equinox.launcher_1.6.400.v20210924-0641.jar --add-modules=ALL-SYSTEM --add-opens java.base/java.util=ALL-UNNAMED --add-opens java.base/java.lang=ALL-UNNAMED -configuration /home/runner/Muehle/.cache/jdt-language-server/config -data /home/runner/Muehle/.cache/jdt-language-server/data/home/runner/Muehle
java_class_path (initial): /nix/store/a7s9klvriqi68xz3qjc0qyfl5h86xc16-jdt-language-server-1.9.0/share/java/plugins/org.eclipse.equinox.launcher_1.6.400.v20210924-0641.jar
Launcher Type: SUN_STANDARD

[Global flags]
    uintx AdaptiveSizePolicyWeight                 = 90                                        {product} {command line}
     intx CICompilerCount                          = 2                                         {product} {ergonomic}
     bool EnableJVMCIProduct                       = true                                {JVMCI product} {jimage}
    uintx GCTimeRatio                              = 4                                         {product} {command line}
   size_t InitialHeapSize                          = 104857600                                 {product} {command line}
     uint JVMCIThreadsPerNativeLibraryRuntime      = 1                                   {JVMCI product} {jimage}
   size_t MaxHeapSize                              = 536870912                                 {product} {command line}
   size_t MaxNewSize                               = 178782208                                 {product} {ergonomic}
   size_t MinHeapDeltaBytes                        = 524288                                    {product} {ergonomic}
   size_t MinHeapSize                              = 104857600                                 {product} {command line}
   size_t NewSize                                  = 34603008                                  {product} {ergonomic}
    uintx NonNMethodCodeHeapSize                   = 5826188                                {pd product} {ergonomic}
    uintx NonProfiledCodeHeapSize                  = 122916026                              {pd product} {ergonomic}
   size_t OldSize                                  = 70254592                                  {product} {ergonomic}
    uintx ProfiledCodeHeapSize                     = 122916026                              {pd product} {ergonomic}
    uintx ReservedCodeCacheSize                    = 251658240                              {pd product} {ergonomic}
     bool SegmentedCodeCache                       = true                                      {product} {ergonomic}
   size_t SoftMaxHeapSize                          = 536870912                              {manageable} {ergonomic}
     intx ThreadPriorityPolicy                     = 1                                         {product} {jimage}
     bool UseCompressedClassPointers               = true                           {product lp64_product} {ergonomic}
     bool UseCompressedOops                        = true                           {product lp64_product} {ergonomic}
     bool UseParallelGC                            = true                                      {product} {command line}

Logging:
Log output configuration:
 #0: stdout all=warning uptime,level,tags
 #1: stderr all=off uptime,level,tags

Environment Variables:
JAVA_HOME=/nix/store/gpxl5qgg8kicmcvivwmybwjlpf7wh20l-graalvm17-ce-22.3.0
PATH=/nix/store/1d6ian3r8kdzspw8hacjhl3xkp40g1lj-binutils-wrapper-2.39/bin:/nix/store/dq0xwmsk1g0i2ayg6pb7y87na2knzylh-gcc-wrapper-11.3.0/bin:/nix/store/bap4d0lpcrhpwmpb8ayjcgkmvfj62lnq-bash-interactive-5.1-p16/bin:/nix/store/pr5n59mb4jzmfx6kanwxly0l07p861fg-patchelf-0.15.0/bin:/nix/store/1gf2flfqnpqbr1b4p4qz2f72y42bs56r-gcc-11.3.0/bin:/nix/store/57xv61c5zi8pphjbcwxxjlgc34p61ic9-glibc-2.35-163-bin/bin:/nix/store/a7gvj343m05j2s32xcnwr35v31ynlypr-coreutils-9.1/bin:/nix/store/039g378vc3pc3dvi9dzdlrd0i4q93qwf-binutils-2.39/bin:/nix/store/gpxl5qgg8kicmcvivwmybwjlpf7wh20l-graalvm17-ce-22.3.0/bin:/nix/store/6z9ag3ihc8mq2hzsw48lhbznvzny65nz-apache-maven-3.8.6/bin:/nix/store/a7s9klvriqi68xz3qjc0qyfl5h86xc16-jdt-language-server-1.9.0/bin:/nix/store/48ifl2w60a3zp7yskbpnvn8jp9jdsb7k-java-debug/bin:/nix/store/mydc6f4k2z73xlcz7ilif3v2lcaiqvza-findutils-4.9.0/bin:/nix/store/j9p3g8472iijd50vhdprx0nmk2fqn5gv-diffutils-3.8/bin:/nix/store/89zs7rms6x00xfq4dq6m7mjnhkr8a6r4-gnused-4.8/bin:/nix/store/86bp03jkmsl6f92w0yzg4s59g5mhxwmy-gnugrep-3.7/bin:/nix/store/hwcdqw4jrjnd37wxqgsd47hd0j8bnj09-gawk-5.1.1/bin:/nix/store/cfbhw8r8ags41vwqaz47r583d0p4h4a1-gnutar-1.34/bin:/nix/store/p3m1ndl1lapwrlh698bnb5lvvxh67378-gzip-1.12/bin:/nix/store/a8mhcagrsly7c7mpjrpsnaahk4aax056-bzip2-1.0.8-bin/bin:/nix/store/mblgz65m3zv9x548a3d5m96fj2pbwr09-gnumake-4.3/bin:/nix/store/dsd5gz46hdbdk2rfdimqddhq6m8m8fqs-bash-5.1-p16/bin:/nix/store/v7ljksji50mg3w61dykaa3n3y79n6nil-patch-2.7.6/bin:/nix/store/zlcnmqq14jz5x9439jf937mvayyl63da-xz-5.2.7-bin/bin:/nix/store/y6aj732zm9m87c82fpvf103a1xb22blp-file-5.43/bin:/nix/store/yq0vlv3d2f5si3ibawpq5ay2pc6knixp-nix-2.18.0pre20230808_c0e6466/bin:/nix/store/i4kzir3m7mrisxmf5xvlnkw01x4qaqr4-prybar-elisp-0.0.0-e0d9a52/bin:/nix/store/lwwivxf6h7x3cvxp9zv8sj0mv7dak99r-prybar-lua-0.0.0-e0d9a52/bin:/nix/store/gxj28g1cg4hq3qanmjv07156h800qr58-prybar-python3-0.0.0-e0d9a52/bin:/nix/store/hshkjnxrgidigf8x75vg6lqng2xlx9i3-prybar-sqlite-0.0.0-e0d9a52/bin:/nix/store/c4w01bpjgyy5ixmwdk8m1pw87zq4sl
LD_LIBRARY_PATH=/nix/store/a4pff549sk2idnkpzk5nsfps3mdkdnvm-cups-2.4.2-lib/lib:/nix/store/72mqxxhh3cy5yifh92wh2yb8cl2hikyy-cairo-1.16.0/lib:/nix/store/2k366jrbsra97gjfxwvrhvixjfxdach5-glib-2.74.1/lib:/nix/store/2j2znigd8ak37rlwh9khz0ry3clqlw1l-gtk+3-3.24.34/lib:/nix/store/hisqvx32cd57apbpcsnkpx6k3549wql1-libglvnd-1.4.0/lib:/nix/store/p36pgcv991mq5srvg765b78yqpxvk3qs-mesa-21.3.3-drivers/lib:/nix/store/mav4251if1ahjq5vkpwycyyvnmy459c4-pulseaudio-14.2/lib
DISPLAY=:0
LANG=en_US.UTF-8

Signal Handlers:
   SIGSEGV: crash_handler in libjvm.so, mask=11100100010111111101111111111110, flags=SA_RESTART|SA_SIGINFO
    SIGBUS: crash_handler in libjvm.so, mask=11100100010111111101111111111110, flags=SA_RESTART|SA_SIGINFO
    SIGFPE: crash_handler in libjvm.so, mask=11100100010111111101111111111110, flags=SA_RESTART|SA_SIGINFO
   SIGPIPE: IsolateEnterStub_IgnoreSIGPIPEStartupHook_noopSignalHandler_8f19bff2f35b5f630d83b364d6b2339320d4ec70_216e8361c6bc87a8f89f58cc10d3b2fd4415bf87 in libjvmcicompiler.so, mask=00000000000000000000000000000000, flags=SA_RESTART
  *** Handler was modified!
  *** Expected: javaSignalHandler in libjvm.so, mask=11100100110111111111111111111110, flags=SA_RESTART|SA_SIGINFO
   SIGXFSZ: javaSignalHandler in libjvm.so, mask=11100100010111111101111111111110, flags=SA_RESTART|SA_SIGINFO
    SIGILL: crash_handler in libjvm.so, mask=11100100010111111101111111111110, flags=SA_RESTART|SA_SIGINFO
   SIGUSR2: SR_handler in libjvm.so, mask=00000000000000000000000000000000, flags=SA_RESTART|SA_SIGINFO
    SIGHUP: UserHandler in libjvm.so, mask=11100100010111111101111111111110, flags=SA_RESTART|SA_SIGINFO
    SIGINT: UserHandler in libjvm.so, mask=11100100010111111101111111111110, flags=SA_RESTART|SA_SIGINFO
   SIGTERM: UserHandler in libjvm.so, mask=11100100010111111101111111111110, flags=SA_RESTART|SA_SIGINFO
   SIGQUIT: UserHandler in libjvm.so, mask=11100100010111111101111111111110, flags=SA_RESTART|SA_SIGINFO
  *** Handler was modified!
  *** Expected: javaSignalHandler in libjvm.so, mask=11100100110111111111111111111110, flags=SA_RESTART|SA_SIGINFO
   SIGTRAP: crash_handler in libjvm.so, mask=11100100010111111101111111111110, flags=SA_RESTART|SA_SIGINFO


---------------  S Y S T E M  ---------------

OS:
DISTRIB_ID=Ubuntu
DISTRIB_RELEASE=20.04
DISTRIB_CODENAME=focal
DISTRIB_DESCRIPTION="Ubuntu 20.04.2 LTS"
uname: Linux 6.2.0-1018-gcp #20~22.04.1-Ubuntu SMP Mon Oct 23 12:29:43 UTC 2023 x86_64
OS uptime: 0 days 3:35 hours
libc: glibc 2.35 NPTL 2.35 
rlimit (soft/hard): STACK 8192k/infinity , CORE infinity/infinity , NPROC infinity/infinity , NOFILE 5242/5242 , AS infinity/infinity , CPU infinity/infinity , DATA infinity/infinity , FSIZE infinity/infinity , MEMLOCK 8192k/8192k
load average: 21.69 23.63 23.11

/proc/meminfo:
MemTotal:       65835924 kB
MemFree:        34118364 kB
MemAvailable:   44287492 kB
Buffers:         1512128 kB
Cached:          8201296 kB
SwapCached:            0 kB
Active:          5249064 kB
Inactive:       24504424 kB
Active(anon):       7140 kB
Inactive(anon): 19724384 kB
Active(file):    5241924 kB
Inactive(file):  4780040 kB
Unevictable:       27976 kB
Mlocked:           27976 kB
SwapTotal:             0 kB
SwapFree:              0 kB
Zswap:                 0 kB
Zswapped:              0 kB
Dirty:              3008 kB
Writeback:             0 kB
AnonPages:      19484684 kB
Mapped:          1470652 kB
Shmem:             17620 kB
KReclaimable:     873616 kB
Slab:            1307924 kB
SReclaimable:     873616 kB
SUnreclaim:       434308 kB
KernelStack:      103672 kB
PageTables:       246276 kB
SecPageTables:         0 kB
NFS_Unstable:          0 kB
Bounce:                0 kB
WritebackTmp:          0 kB
CommitLimit:    32917960 kB
Committed_AS:   50020592 kB
VmallocTotal:   34359738367 kB
VmallocUsed:      127040 kB
VmallocChunk:          0 kB
Percpu:            26336 kB
HardwareCorrupted:     0 kB
AnonHugePages:   2271232 kB
ShmemHugePages:        0 kB
ShmemPmdMapped:        0 kB
FileHugePages:         0 kB
FilePmdMapped:         0 kB
HugePages_Total:       0
HugePages_Free:        0
HugePages_Rsvd:        0
HugePages_Surp:        0
Hugepagesize:       2048 kB
Hugetlb:               0 kB
DirectMap4k:      170808 kB
DirectMap2M:     8214528 kB
DirectMap1G:    60817408 kB

/sys/kernel/mm/transparent_hugepage/enabled: always [madvise] never
/sys/kernel/mm/transparent_hugepage/defrag (defrag/compaction efforts parameter): always defer defer+madvise [madvise] never

Process Memory:
Virtual Size: 4588612K (peak: 4665128K)
Resident Set Size: 750972K (peak: 788308K) (anon: 554300K, file: 196672K, shmem: 0K)
Swapped out: 0K
C-Heap outstanding allocations: 37896K, retained: 14423K
glibc malloc tunables: (default)

/proc/sys/kernel/threads-max (system-wide limit on the number of threads): 514277
/proc/sys/vm/max_map_count (maximum number of memory map areas a process may have): 65530
/proc/sys/kernel/pid_max (system-wide limit on number of process identifiers): 4194304

container (cgroup) information:
container_type: cgroupv2
cpu_cpuset_cpus: not supported
cpu_memory_nodes: not supported
active_processor_count: 1
cpu_quota: 50000
cpu_period: 100000
cpu_shares: no shares
memory_limit_in_bytes: 1048576 k
memory_and_swap_limit_in_bytes: unlimited
memory_soft_limit_in_bytes: 524288 k
memory_usage_in_bytes: 696848 k
memory_max_usage_in_bytes: not supported
maximum number of tasks: not supported
current number of tasks: not supported

KVM virtualization detected
Steal ticks since vm start: 3355
Steal ticks percentage since vm start:  0.003

CPU: total 8 (initial active 1) (4 cores per cpu, 2 threads per core) family 6 model 79 stepping 0 microcode 0xffffffff, cx8, cmov, fxsr, ht, mmx, 3dnowpref, sse, sse2, sse3, ssse3, sse4.1, sse4.2, popcnt, lzcnt, tsc, tscinvbit, avx, avx2, aes, erms, clmul, bmi1, bmi2, rtm, adx, fma, vzeroupper, clflush, hv
CPU Model and flags from /proc/cpuinfo:
model name	: Intel(R) Xeon(R) CPU @ 2.20GHz
flags		: fpu vme de pse tsc msr pae mce cx8 apic sep mtrr pge mca cmov pat pse36 clflush mmx fxsr sse sse2 ss ht syscall nx pdpe1gb rdtscp lm constant_tsc rep_good nopl xtopology nonstop_tsc cpuid tsc_known_freq pni pclmulqdq ssse3 fma cx16 pcid sse4_1 sse4_2 x2apic movbe popcnt aes xsave avx f16c rdrand hypervisor lahf_lm abm 3dnowprefetch invpcid_single pti ssbd ibrs ibpb stibp fsgsbase tsc_adjust bmi1 hle avx2 smep bmi2 erms invpcid rtm rdseed adx smap xsaveopt arat md_clear arch_capabilities

Online cpus: 0-7
Offline cpus: 
BIOS frequency limitation: <Not Available>
Frequency switch latency (ns): <Not Available>
Available cpu frequencies: <Not Available>
Current governor: <Not Available>
Core performance/turbo boost: <Not Available>

Memory: 4k page, physical 1048576k(352300k free), swap 0k(0k free)
Page Sizes: 4k

vm_info: OpenJDK 64-Bit Server VM (17.0.5+8-jvmci-22.3-b08) for linux-amd64 JRE (17.0.5+8-jvmci-22.3-b08), built on Oct 19 2022 09:01:27 by "buildslave" with gcc 10.3.0

END.
